<?xml version="1.0" encoding="UTF-8"?>
<robot generator="Robot 6.0.1 (Python 3.8.10 on linux)" generated="20230103 22:01:35.183" rpa="false" schemaversion="3">
<suite id="s1" name="Index" source="/home/agung-kuliah/Documents/robot-framework/get-category/index.robot">
<test id="s1-t1" name="Example Test" line="12">
<kw name="Open Browser" library="SeleniumLibrary">
<arg>browser=${browser}</arg>
<arg>url=${URL}</arg>
<doc>Opens a new browser instance to the optional ``url``.</doc>
<msg timestamp="20230103 22:01:37.750" level="INFO">Opening browser 'Chrome' to base url 'https://www.tokopedia.com/'.</msg>
<status status="PASS" starttime="20230103 22:01:37.749" endtime="20230103 22:01:49.846"/>
</kw>
<kw name="Click Element" library="SeleniumLibrary">
<arg>data:testid:headerText</arg>
<doc>Click the element identified by ``locator``.</doc>
<msg timestamp="20230103 22:01:49.849" level="INFO">Clicking element 'data:testid:headerText'.</msg>
<status status="PASS" starttime="20230103 22:01:49.847" endtime="20230103 22:01:50.107"/>
</kw>
<kw name="Wait Until Element Is Visible" library="SeleniumLibrary">
<arg>data:testid:allCategories</arg>
<arg>30 seconds</arg>
<doc>Waits until the element ``locator`` is visible.</doc>
<status status="PASS" starttime="20230103 22:01:50.108" endtime="20230103 22:01:50.814"/>
</kw>
<kw name="Get WebElements" library="SeleniumLibrary">
<var>${elements}</var>
<arg>css=div[data-testid="allCategories"] a</arg>
<doc>Returns a list of WebElement objects matching the ``locator``.</doc>
<msg timestamp="20230103 22:01:50.836" level="INFO">${elements} = [&lt;selenium.webdriver.remote.webelement.WebElement (session="817fd00de0394d833e2eace5f0d8fcff", element="f3713df2-a339-478e-8483-6381c7fa3cb5")&gt;, &lt;selenium.webdriver.remote.webelement.WebElement (sessi...</msg>
<status status="PASS" starttime="20230103 22:01:50.815" endtime="20230103 22:01:50.836"/>
</kw>
<kw name="Make Excel File" library="make_excel">
<arg>NewExcel.xlsx</arg>
<status status="PASS" starttime="20230103 22:01:50.836" endtime="20230103 22:01:50.853"/>
</kw>
<kw name="Set Variable" library="BuiltIn">
<var>${index}</var>
<arg>${1}</arg>
<doc>Returns the given values which can then be assigned to a variables.</doc>
<msg timestamp="20230103 22:01:50.855" level="INFO">${index} = 1</msg>
<status status="PASS" starttime="20230103 22:01:50.854" endtime="20230103 22:01:50.855"/>
</kw>
<for flavor="IN">
<var>${element}</var>
<value>@{elements}</value>
<iter>
<var name="${element}">&lt;selenium.webdriver.remote.webelement.WebElement (session="817fd00de0394d833e2eace5f0d8fcff", element="f3713df2-a339-478e-8483-6381c7fa3cb5")&gt;</var>
<kw name="Log" library="BuiltIn">
<arg>${element.text}</arg>
<doc>Logs the given message with the given level.</doc>
<msg timestamp="20230103 22:01:50.900" level="INFO">Rumah Tangga</msg>
<status status="PASS" starttime="20230103 22:01:50.855" endtime="20230103 22:01:50.900"/>
</kw>
<kw name="Add Value" library="make_excel">
<arg>NewExcel.xlsx</arg>
<arg>A${index}</arg>
<arg>${element.text}</arg>
<status status="PASS" starttime="20230103 22:01:50.900" endtime="20230103 22:01:50.947"/>
</kw>
<kw name="Set Variable" library="BuiltIn">
<var>${index}</var>
<arg>${${index} + ${1}}</arg>
<doc>Returns the given values which can then be assigned to a variables.</doc>
<msg timestamp="20230103 22:01:50.951" level="INFO">${index} = 2</msg>
<status status="PASS" starttime="20230103 22:01:50.948" endtime="20230103 22:01:50.951"/>
</kw>
<kw name="Log" library="BuiltIn">
<arg>${index}</arg>
<doc>Logs the given message with the given level.</doc>
<msg timestamp="20230103 22:01:50.952" level="INFO">2</msg>
<status status="PASS" starttime="20230103 22:01:50.951" endtime="20230103 22:01:50.952"/>
</kw>
<status status="PASS" starttime="20230103 22:01:50.855" endtime="20230103 22:01:50.952"/>
</iter>
<iter>
<var name="${element}">&lt;selenium.webdriver.remote.webelement.WebElement (session="817fd00de0394d833e2eace5f0d8fcff", element="c58384fb-18ec-479f-9a22-8856ccf055fd")&gt;</var>
<kw name="Log" library="BuiltIn">
<arg>${element.text}</arg>
<doc>Logs the given message with the given level.</doc>
<msg timestamp="20230103 22:01:50.981" level="INFO">Buku</msg>
<status status="PASS" starttime="20230103 22:01:50.953" endtime="20230103 22:01:50.981"/>
</kw>
<kw name="Add Value" library="make_excel">
<arg>NewExcel.xlsx</arg>
<arg>A${index}</arg>
<arg>${element.text}</arg>
<status status="PASS" starttime="20230103 22:01:50.981" endtime="20230103 22:01:51.008"/>
</kw>
<kw name="Set Variable" library="BuiltIn">
<var>${index}</var>
<arg>${${index} + ${1}}</arg>
<doc>Returns the given values which can then be assigned to a variables.</doc>
<msg timestamp="20230103 22:01:51.010" level="INFO">${index} = 3</msg>
<status status="PASS" starttime="20230103 22:01:51.008" endtime="20230103 22:01:51.010"/>
</kw>
<kw name="Log" library="BuiltIn">
<arg>${index}</arg>
<doc>Logs the given message with the given level.</doc>
<msg timestamp="20230103 22:01:51.010" level="INFO">3</msg>
<status status="PASS" starttime="20230103 22:01:51.010" endtime="20230103 22:01:51.010"/>
</kw>
<status status="PASS" starttime="20230103 22:01:50.952" endtime="20230103 22:01:51.010"/>
</iter>
<iter>
<var name="${element}">&lt;selenium.webdriver.remote.webelement.WebElement (session="817fd00de0394d833e2eace5f0d8fcff", element="0a112e86-1691-459d-83d2-e05ab15b6463")&gt;</var>
<kw name="Log" library="BuiltIn">
<arg>${element.text}</arg>
<doc>Logs the given message with the given level.</doc>
<msg timestamp="20230103 22:01:51.032" level="INFO">Dapur</msg>
<status status="PASS" starttime="20230103 22:01:51.011" endtime="20230103 22:01:51.032"/>
</kw>
<kw name="Add Value" library="make_excel">
<arg>NewExcel.xlsx</arg>
<arg>A${index}</arg>
<arg>${element.text}</arg>
<status status="PASS" starttime="20230103 22:01:51.033" endtime="20230103 22:01:51.066"/>
</kw>
<kw name="Set Variable" library="BuiltIn">
<var>${index}</var>
<arg>${${index} + ${1}}</arg>
<doc>Returns the given values which can then be assigned to a variables.</doc>
<msg timestamp="20230103 22:01:51.069" level="INFO">${index} = 4</msg>
<status status="PASS" starttime="20230103 22:01:51.067" endtime="20230103 22:01:51.069"/>
</kw>
<kw name="Log" library="BuiltIn">
<arg>${index}</arg>
<doc>Logs the given message with the given level.</doc>
<msg timestamp="20230103 22:01:51.069" level="INFO">4</msg>
<status status="PASS" starttime="20230103 22:01:51.069" endtime="20230103 22:01:51.069"/>
</kw>
<status status="PASS" starttime="20230103 22:01:51.011" endtime="20230103 22:01:51.069"/>
</iter>
<iter>
<var name="${element}">&lt;selenium.webdriver.remote.webelement.WebElement (session="817fd00de0394d833e2eace5f0d8fcff", element="cc5bc966-ca82-4147-8802-ab49b6c9b069")&gt;</var>
<kw name="Log" library="BuiltIn">
<arg>${element.text}</arg>
<doc>Logs the given message with the given level.</doc>
<msg timestamp="20230103 22:01:51.088" level="INFO">Elektronik</msg>
<status status="PASS" starttime="20230103 22:01:51.070" endtime="20230103 22:01:51.088"/>
</kw>
<kw name="Add Value" library="make_excel">
<arg>NewExcel.xlsx</arg>
<arg>A${index}</arg>
<arg>${element.text}</arg>
<status status="PASS" starttime="20230103 22:01:51.089" endtime="20230103 22:01:51.116"/>
</kw>
<kw name="Set Variable" library="BuiltIn">
<var>${index}</var>
<arg>${${index} + ${1}}</arg>
<doc>Returns the given values which can then be assigned to a variables.</doc>
<msg timestamp="20230103 22:01:51.117" level="INFO">${index} = 5</msg>
<status status="PASS" starttime="20230103 22:01:51.116" endtime="20230103 22:01:51.117"/>
</kw>
<kw name="Log" library="BuiltIn">
<arg>${index}</arg>
<doc>Logs the given message with the given level.</doc>
<msg timestamp="20230103 22:01:51.117" level="INFO">5</msg>
<status status="PASS" starttime="20230103 22:01:51.117" endtime="20230103 22:01:51.118"/>
</kw>
<status status="PASS" starttime="20230103 22:01:51.069" endtime="20230103 22:01:51.118"/>
</iter>
<iter>
<var name="${element}">&lt;selenium.webdriver.remote.webelement.WebElement (session="817fd00de0394d833e2eace5f0d8fcff", element="053590ce-832b-4f0f-9979-5332f5abea9d")&gt;</var>
<kw name="Log" library="BuiltIn">
<arg>${element.text}</arg>
<doc>Logs the given message with the given level.</doc>
<msg timestamp="20230103 22:01:51.134" level="INFO">Fashion Anak &amp; Bayi</msg>
<status status="PASS" starttime="20230103 22:01:51.118" endtime="20230103 22:01:51.134"/>
</kw>
<kw name="Add Value" library="make_excel">
<arg>NewExcel.xlsx</arg>
<arg>A${index}</arg>
<arg>${element.text}</arg>
<status status="PASS" starttime="20230103 22:01:51.135" endtime="20230103 22:01:51.156"/>
</kw>
<kw name="Set Variable" library="BuiltIn">
<var>${index}</var>
<arg>${${index} + ${1}}</arg>
<doc>Returns the given values which can then be assigned to a variables.</doc>
<msg timestamp="20230103 22:01:51.158" level="INFO">${index} = 6</msg>
<status status="PASS" starttime="20230103 22:01:51.156" endtime="20230103 22:01:51.158"/>
</kw>
<kw name="Log" library="BuiltIn">
<arg>${index}</arg>
<doc>Logs the given message with the given level.</doc>
<msg timestamp="20230103 22:01:51.159" level="INFO">6</msg>
<status status="PASS" starttime="20230103 22:01:51.159" endtime="20230103 22:01:51.159"/>
</kw>
<status status="PASS" starttime="20230103 22:01:51.118" endtime="20230103 22:01:51.159"/>
</iter>
<iter>
<var name="${element}">&lt;selenium.webdriver.remote.webelement.WebElement (session="817fd00de0394d833e2eace5f0d8fcff", element="6deb0188-615f-4a09-8956-14414c286a69")&gt;</var>
<kw name="Log" library="BuiltIn">
<arg>${element.text}</arg>
<doc>Logs the given message with the given level.</doc>
<msg timestamp="20230103 22:01:51.175" level="INFO">Fashion Muslim</msg>
<status status="PASS" starttime="20230103 22:01:51.160" endtime="20230103 22:01:51.175"/>
</kw>
<kw name="Add Value" library="make_excel">
<arg>NewExcel.xlsx</arg>
<arg>A${index}</arg>
<arg>${element.text}</arg>
<status status="PASS" starttime="20230103 22:01:51.175" endtime="20230103 22:01:51.209"/>
</kw>
<kw name="Set Variable" library="BuiltIn">
<var>${index}</var>
<arg>${${index} + ${1}}</arg>
<doc>Returns the given values which can then be assigned to a variables.</doc>
<msg timestamp="20230103 22:01:51.213" level="INFO">${index} = 7</msg>
<status status="PASS" starttime="20230103 22:01:51.210" endtime="20230103 22:01:51.213"/>
</kw>
<kw name="Log" library="BuiltIn">
<arg>${index}</arg>
<doc>Logs the given message with the given level.</doc>
<msg timestamp="20230103 22:01:51.213" level="INFO">7</msg>
<status status="PASS" starttime="20230103 22:01:51.213" endtime="20230103 22:01:51.213"/>
</kw>
<status status="PASS" starttime="20230103 22:01:51.159" endtime="20230103 22:01:51.213"/>
</iter>
<iter>
<var name="${element}">&lt;selenium.webdriver.remote.webelement.WebElement (session="817fd00de0394d833e2eace5f0d8fcff", element="8ce2ec50-b81c-4593-b27b-7101f0ddecec")&gt;</var>
<kw name="Log" library="BuiltIn">
<arg>${element.text}</arg>
<doc>Logs the given message with the given level.</doc>
<msg timestamp="20230103 22:01:51.231" level="INFO">Fashion Pria</msg>
<status status="PASS" starttime="20230103 22:01:51.214" endtime="20230103 22:01:51.231"/>
</kw>
<kw name="Add Value" library="make_excel">
<arg>NewExcel.xlsx</arg>
<arg>A${index}</arg>
<arg>${element.text}</arg>
<status status="PASS" starttime="20230103 22:01:51.232" endtime="20230103 22:01:51.258"/>
</kw>
<kw name="Set Variable" library="BuiltIn">
<var>${index}</var>
<arg>${${index} + ${1}}</arg>
<doc>Returns the given values which can then be assigned to a variables.</doc>
<msg timestamp="20230103 22:01:51.260" level="INFO">${index} = 8</msg>
<status status="PASS" starttime="20230103 22:01:51.258" endtime="20230103 22:01:51.261"/>
</kw>
<kw name="Log" library="BuiltIn">
<arg>${index}</arg>
<doc>Logs the given message with the given level.</doc>
<msg timestamp="20230103 22:01:51.261" level="INFO">8</msg>
<status status="PASS" starttime="20230103 22:01:51.261" endtime="20230103 22:01:51.262"/>
</kw>
<status status="PASS" starttime="20230103 22:01:51.214" endtime="20230103 22:01:51.262"/>
</iter>
<iter>
<var name="${element}">&lt;selenium.webdriver.remote.webelement.WebElement (session="817fd00de0394d833e2eace5f0d8fcff", element="ea2845ca-70e3-45e1-9267-c311f7d7faef")&gt;</var>
<kw name="Log" library="BuiltIn">
<arg>${element.text}</arg>
<doc>Logs the given message with the given level.</doc>
<msg timestamp="20230103 22:01:51.281" level="INFO">Fashion Wanita</msg>
<status status="PASS" starttime="20230103 22:01:51.262" endtime="20230103 22:01:51.281"/>
</kw>
<kw name="Add Value" library="make_excel">
<arg>NewExcel.xlsx</arg>
<arg>A${index}</arg>
<arg>${element.text}</arg>
<status status="PASS" starttime="20230103 22:01:51.281" endtime="20230103 22:01:51.317"/>
</kw>
<kw name="Set Variable" library="BuiltIn">
<var>${index}</var>
<arg>${${index} + ${1}}</arg>
<doc>Returns the given values which can then be assigned to a variables.</doc>
<msg timestamp="20230103 22:01:51.320" level="INFO">${index} = 9</msg>
<status status="PASS" starttime="20230103 22:01:51.318" endtime="20230103 22:01:51.320"/>
</kw>
<kw name="Log" library="BuiltIn">
<arg>${index}</arg>
<doc>Logs the given message with the given level.</doc>
<msg timestamp="20230103 22:01:51.321" level="INFO">9</msg>
<status status="PASS" starttime="20230103 22:01:51.321" endtime="20230103 22:01:51.321"/>
</kw>
<status status="PASS" starttime="20230103 22:01:51.262" endtime="20230103 22:01:51.321"/>
</iter>
<iter>
<var name="${element}">&lt;selenium.webdriver.remote.webelement.WebElement (session="817fd00de0394d833e2eace5f0d8fcff", element="8b033fb0-6248-4075-b087-0a28f6d63286")&gt;</var>
<kw name="Log" library="BuiltIn">
<arg>${element.text}</arg>
<doc>Logs the given message with the given level.</doc>
<msg timestamp="20230103 22:01:51.346" level="INFO">Film &amp; Musik</msg>
<status status="PASS" starttime="20230103 22:01:51.321" endtime="20230103 22:01:51.346"/>
</kw>
<kw name="Add Value" library="make_excel">
<arg>NewExcel.xlsx</arg>
<arg>A${index}</arg>
<arg>${element.text}</arg>
<status status="PASS" starttime="20230103 22:01:51.347" endtime="20230103 22:01:51.375"/>
</kw>
<kw name="Set Variable" library="BuiltIn">
<var>${index}</var>
<arg>${${index} + ${1}}</arg>
<doc>Returns the given values which can then be assigned to a variables.</doc>
<msg timestamp="20230103 22:01:51.377" level="INFO">${index} = 10</msg>
<status status="PASS" starttime="20230103 22:01:51.375" endtime="20230103 22:01:51.377"/>
</kw>
<kw name="Log" library="BuiltIn">
<arg>${index}</arg>
<doc>Logs the given message with the given level.</doc>
<msg timestamp="20230103 22:01:51.378" level="INFO">10</msg>
<status status="PASS" starttime="20230103 22:01:51.377" endtime="20230103 22:01:51.378"/>
</kw>
<status status="PASS" starttime="20230103 22:01:51.321" endtime="20230103 22:01:51.378"/>
</iter>
<iter>
<var name="${element}">&lt;selenium.webdriver.remote.webelement.WebElement (session="817fd00de0394d833e2eace5f0d8fcff", element="7f0923e7-5d1b-432d-8313-3b7dd636270a")&gt;</var>
<kw name="Log" library="BuiltIn">
<arg>${element.text}</arg>
<doc>Logs the given message with the given level.</doc>
<msg timestamp="20230103 22:01:51.403" level="INFO">Gaming</msg>
<status status="PASS" starttime="20230103 22:01:51.378" endtime="20230103 22:01:51.403"/>
</kw>
<kw name="Add Value" library="make_excel">
<arg>NewExcel.xlsx</arg>
<arg>A${index}</arg>
<arg>${element.text}</arg>
<status status="PASS" starttime="20230103 22:01:51.403" endtime="20230103 22:01:51.433"/>
</kw>
<kw name="Set Variable" library="BuiltIn">
<var>${index}</var>
<arg>${${index} + ${1}}</arg>
<doc>Returns the given values which can then be assigned to a variables.</doc>
<msg timestamp="20230103 22:01:51.436" level="INFO">${index} = 11</msg>
<status status="PASS" starttime="20230103 22:01:51.434" endtime="20230103 22:01:51.436"/>
</kw>
<kw name="Log" library="BuiltIn">
<arg>${index}</arg>
<doc>Logs the given message with the given level.</doc>
<msg timestamp="20230103 22:01:51.436" level="INFO">11</msg>
<status status="PASS" starttime="20230103 22:01:51.436" endtime="20230103 22:01:51.436"/>
</kw>
<status status="PASS" starttime="20230103 22:01:51.378" endtime="20230103 22:01:51.436"/>
</iter>
<iter>
<var name="${element}">&lt;selenium.webdriver.remote.webelement.WebElement (session="817fd00de0394d833e2eace5f0d8fcff", element="b13ff63e-e99e-4a9a-a29d-9da16a8f68b1")&gt;</var>
<kw name="Log" library="BuiltIn">
<arg>${element.text}</arg>
<doc>Logs the given message with the given level.</doc>
<msg timestamp="20230103 22:01:51.457" level="INFO">Handphone &amp; Tablet</msg>
<status status="PASS" starttime="20230103 22:01:51.437" endtime="20230103 22:01:51.457"/>
</kw>
<kw name="Add Value" library="make_excel">
<arg>NewExcel.xlsx</arg>
<arg>A${index}</arg>
<arg>${element.text}</arg>
<status status="PASS" starttime="20230103 22:01:51.457" endtime="20230103 22:01:51.497"/>
</kw>
<kw name="Set Variable" library="BuiltIn">
<var>${index}</var>
<arg>${${index} + ${1}}</arg>
<doc>Returns the given values which can then be assigned to a variables.</doc>
<msg timestamp="20230103 22:01:51.500" level="INFO">${index} = 12</msg>
<status status="PASS" starttime="20230103 22:01:51.497" endtime="20230103 22:01:51.500"/>
</kw>
<kw name="Log" library="BuiltIn">
<arg>${index}</arg>
<doc>Logs the given message with the given level.</doc>
<msg timestamp="20230103 22:01:51.500" level="INFO">12</msg>
<status status="PASS" starttime="20230103 22:01:51.500" endtime="20230103 22:01:51.500"/>
</kw>
<status status="PASS" starttime="20230103 22:01:51.437" endtime="20230103 22:01:51.500"/>
</iter>
<iter>
<var name="${element}">&lt;selenium.webdriver.remote.webelement.WebElement (session="817fd00de0394d833e2eace5f0d8fcff", element="94c1f020-9c0c-4cab-aabd-19ae48f2d574")&gt;</var>
<kw name="Log" library="BuiltIn">
<arg>${element.text}</arg>
<doc>Logs the given message with the given level.</doc>
<msg timestamp="20230103 22:01:51.516" level="INFO">Ibu &amp; Bayi</msg>
<status status="PASS" starttime="20230103 22:01:51.500" endtime="20230103 22:01:51.516"/>
</kw>
<kw name="Add Value" library="make_excel">
<arg>NewExcel.xlsx</arg>
<arg>A${index}</arg>
<arg>${element.text}</arg>
<status status="PASS" starttime="20230103 22:01:51.516" endtime="20230103 22:01:51.539"/>
</kw>
<kw name="Set Variable" library="BuiltIn">
<var>${index}</var>
<arg>${${index} + ${1}}</arg>
<doc>Returns the given values which can then be assigned to a variables.</doc>
<msg timestamp="20230103 22:01:51.542" level="INFO">${index} = 13</msg>
<status status="PASS" starttime="20230103 22:01:51.540" endtime="20230103 22:01:51.542"/>
</kw>
<kw name="Log" library="BuiltIn">
<arg>${index}</arg>
<doc>Logs the given message with the given level.</doc>
<msg timestamp="20230103 22:01:51.542" level="INFO">13</msg>
<status status="PASS" starttime="20230103 22:01:51.542" endtime="20230103 22:01:51.542"/>
</kw>
<status status="PASS" starttime="20230103 22:01:51.500" endtime="20230103 22:01:51.542"/>
</iter>
<iter>
<var name="${element}">&lt;selenium.webdriver.remote.webelement.WebElement (session="817fd00de0394d833e2eace5f0d8fcff", element="c9e16f04-9239-4ec1-ade0-16f665a6b5cf")&gt;</var>
<kw name="Log" library="BuiltIn">
<arg>${element.text}</arg>
<doc>Logs the given message with the given level.</doc>
<msg timestamp="20230103 22:01:51.565" level="INFO"/>
<status status="PASS" starttime="20230103 22:01:51.543" endtime="20230103 22:01:51.566"/>
</kw>
<kw name="Add Value" library="make_excel">
<arg>NewExcel.xlsx</arg>
<arg>A${index}</arg>
<arg>${element.text}</arg>
<status status="PASS" starttime="20230103 22:01:51.566" endtime="20230103 22:01:51.604"/>
</kw>
<kw name="Set Variable" library="BuiltIn">
<var>${index}</var>
<arg>${${index} + ${1}}</arg>
<doc>Returns the given values which can then be assigned to a variables.</doc>
<msg timestamp="20230103 22:01:51.607" level="INFO">${index} = 14</msg>
<status status="PASS" starttime="20230103 22:01:51.605" endtime="20230103 22:01:51.607"/>
</kw>
<kw name="Log" library="BuiltIn">
<arg>${index}</arg>
<doc>Logs the given message with the given level.</doc>
<msg timestamp="20230103 22:01:51.607" level="INFO">14</msg>
<status status="PASS" starttime="20230103 22:01:51.607" endtime="20230103 22:01:51.608"/>
</kw>
<status status="PASS" starttime="20230103 22:01:51.542" endtime="20230103 22:01:51.608"/>
</iter>
<iter>
<var name="${element}">&lt;selenium.webdriver.remote.webelement.WebElement (session="817fd00de0394d833e2eace5f0d8fcff", element="49e70c86-1928-4ff4-a84b-4c1201f7885d")&gt;</var>
<kw name="Log" library="BuiltIn">
<arg>${element.text}</arg>
<doc>Logs the given message with the given level.</doc>
<msg timestamp="20230103 22:01:51.631" level="INFO">Kecantikan</msg>
<status status="PASS" starttime="20230103 22:01:51.608" endtime="20230103 22:01:51.631"/>
</kw>
<kw name="Add Value" library="make_excel">
<arg>NewExcel.xlsx</arg>
<arg>A${index}</arg>
<arg>${element.text}</arg>
<status status="PASS" starttime="20230103 22:01:51.631" endtime="20230103 22:01:51.663"/>
</kw>
<kw name="Set Variable" library="BuiltIn">
<var>${index}</var>
<arg>${${index} + ${1}}</arg>
<doc>Returns the given values which can then be assigned to a variables.</doc>
<msg timestamp="20230103 22:01:51.666" level="INFO">${index} = 15</msg>
<status status="PASS" starttime="20230103 22:01:51.664" endtime="20230103 22:01:51.666"/>
</kw>
<kw name="Log" library="BuiltIn">
<arg>${index}</arg>
<doc>Logs the given message with the given level.</doc>
<msg timestamp="20230103 22:01:51.667" level="INFO">15</msg>
<status status="PASS" starttime="20230103 22:01:51.666" endtime="20230103 22:01:51.667"/>
</kw>
<status status="PASS" starttime="20230103 22:01:51.608" endtime="20230103 22:01:51.667"/>
</iter>
<iter>
<var name="${element}">&lt;selenium.webdriver.remote.webelement.WebElement (session="817fd00de0394d833e2eace5f0d8fcff", element="c490ca97-03c6-47c9-bcc2-4619a86f0e2c")&gt;</var>
<kw name="Log" library="BuiltIn">
<arg>${element.text}</arg>
<doc>Logs the given message with the given level.</doc>
<msg timestamp="20230103 22:01:51.682" level="INFO">Kesehatan</msg>
<status status="PASS" starttime="20230103 22:01:51.667" endtime="20230103 22:01:51.683"/>
</kw>
<kw name="Add Value" library="make_excel">
<arg>NewExcel.xlsx</arg>
<arg>A${index}</arg>
<arg>${element.text}</arg>
<status status="PASS" starttime="20230103 22:01:51.683" endtime="20230103 22:01:51.713"/>
</kw>
<kw name="Set Variable" library="BuiltIn">
<var>${index}</var>
<arg>${${index} + ${1}}</arg>
<doc>Returns the given values which can then be assigned to a variables.</doc>
<msg timestamp="20230103 22:01:51.715" level="INFO">${index} = 16</msg>
<status status="PASS" starttime="20230103 22:01:51.714" endtime="20230103 22:01:51.715"/>
</kw>
<kw name="Log" library="BuiltIn">
<arg>${index}</arg>
<doc>Logs the given message with the given level.</doc>
<msg timestamp="20230103 22:01:51.716" level="INFO">16</msg>
<status status="PASS" starttime="20230103 22:01:51.715" endtime="20230103 22:01:51.716"/>
</kw>
<status status="PASS" starttime="20230103 22:01:51.667" endtime="20230103 22:01:51.716"/>
</iter>
<iter>
<var name="${element}">&lt;selenium.webdriver.remote.webelement.WebElement (session="817fd00de0394d833e2eace5f0d8fcff", element="abd0b7f5-b6cd-44c8-8528-6e8f2b7d637b")&gt;</var>
<kw name="Log" library="BuiltIn">
<arg>${element.text}</arg>
<doc>Logs the given message with the given level.</doc>
<msg timestamp="20230103 22:01:51.733" level="INFO">Komputer &amp; Laptop</msg>
<status status="PASS" starttime="20230103 22:01:51.716" endtime="20230103 22:01:51.733"/>
</kw>
<kw name="Add Value" library="make_excel">
<arg>NewExcel.xlsx</arg>
<arg>A${index}</arg>
<arg>${element.text}</arg>
<status status="PASS" starttime="20230103 22:01:51.734" endtime="20230103 22:01:51.760"/>
</kw>
<kw name="Set Variable" library="BuiltIn">
<var>${index}</var>
<arg>${${index} + ${1}}</arg>
<doc>Returns the given values which can then be assigned to a variables.</doc>
<msg timestamp="20230103 22:01:51.763" level="INFO">${index} = 17</msg>
<status status="PASS" starttime="20230103 22:01:51.761" endtime="20230103 22:01:51.763"/>
</kw>
<kw name="Log" library="BuiltIn">
<arg>${index}</arg>
<doc>Logs the given message with the given level.</doc>
<msg timestamp="20230103 22:01:51.763" level="INFO">17</msg>
<status status="PASS" starttime="20230103 22:01:51.763" endtime="20230103 22:01:51.763"/>
</kw>
<status status="PASS" starttime="20230103 22:01:51.716" endtime="20230103 22:01:51.763"/>
</iter>
<iter>
<var name="${element}">&lt;selenium.webdriver.remote.webelement.WebElement (session="817fd00de0394d833e2eace5f0d8fcff", element="671202ee-9e9c-4250-8507-138188ef82e1")&gt;</var>
<kw name="Log" library="BuiltIn">
<arg>${element.text}</arg>
<doc>Logs the given message with the given level.</doc>
<msg timestamp="20230103 22:01:51.782" level="INFO">Logam Mulia</msg>
<status status="PASS" starttime="20230103 22:01:51.764" endtime="20230103 22:01:51.782"/>
</kw>
<kw name="Add Value" library="make_excel">
<arg>NewExcel.xlsx</arg>
<arg>A${index}</arg>
<arg>${element.text}</arg>
<status status="PASS" starttime="20230103 22:01:51.782" endtime="20230103 22:01:51.818"/>
</kw>
<kw name="Set Variable" library="BuiltIn">
<var>${index}</var>
<arg>${${index} + ${1}}</arg>
<doc>Returns the given values which can then be assigned to a variables.</doc>
<msg timestamp="20230103 22:01:51.820" level="INFO">${index} = 18</msg>
<status status="PASS" starttime="20230103 22:01:51.818" endtime="20230103 22:01:51.820"/>
</kw>
<kw name="Log" library="BuiltIn">
<arg>${index}</arg>
<doc>Logs the given message with the given level.</doc>
<msg timestamp="20230103 22:01:51.821" level="INFO">18</msg>
<status status="PASS" starttime="20230103 22:01:51.820" endtime="20230103 22:01:51.821"/>
</kw>
<status status="PASS" starttime="20230103 22:01:51.763" endtime="20230103 22:01:51.821"/>
</iter>
<iter>
<var name="${element}">&lt;selenium.webdriver.remote.webelement.WebElement (session="817fd00de0394d833e2eace5f0d8fcff", element="1a0ec97b-4d6f-4129-b8af-2bb2399758f3")&gt;</var>
<kw name="Log" library="BuiltIn">
<arg>${element.text}</arg>
<doc>Logs the given message with the given level.</doc>
<msg timestamp="20230103 22:01:51.846" level="INFO">Mainan &amp; Hobi</msg>
<status status="PASS" starttime="20230103 22:01:51.821" endtime="20230103 22:01:51.846"/>
</kw>
<kw name="Add Value" library="make_excel">
<arg>NewExcel.xlsx</arg>
<arg>A${index}</arg>
<arg>${element.text}</arg>
<status status="PASS" starttime="20230103 22:01:51.846" endtime="20230103 22:01:51.877"/>
</kw>
<kw name="Set Variable" library="BuiltIn">
<var>${index}</var>
<arg>${${index} + ${1}}</arg>
<doc>Returns the given values which can then be assigned to a variables.</doc>
<msg timestamp="20230103 22:01:51.881" level="INFO">${index} = 19</msg>
<status status="PASS" starttime="20230103 22:01:51.878" endtime="20230103 22:01:51.881"/>
</kw>
<kw name="Log" library="BuiltIn">
<arg>${index}</arg>
<doc>Logs the given message with the given level.</doc>
<msg timestamp="20230103 22:01:51.882" level="INFO">19</msg>
<status status="PASS" starttime="20230103 22:01:51.881" endtime="20230103 22:01:51.882"/>
</kw>
<status status="PASS" starttime="20230103 22:01:51.821" endtime="20230103 22:01:51.882"/>
</iter>
<iter>
<var name="${element}">&lt;selenium.webdriver.remote.webelement.WebElement (session="817fd00de0394d833e2eace5f0d8fcff", element="28f12ce5-4030-4a8b-a78a-8859129c662c")&gt;</var>
<kw name="Log" library="BuiltIn">
<arg>${element.text}</arg>
<doc>Logs the given message with the given level.</doc>
<msg timestamp="20230103 22:01:51.900" level="INFO">Makanan &amp; Minuman</msg>
<status status="PASS" starttime="20230103 22:01:51.882" endtime="20230103 22:01:51.901"/>
</kw>
<kw name="Add Value" library="make_excel">
<arg>NewExcel.xlsx</arg>
<arg>A${index}</arg>
<arg>${element.text}</arg>
<status status="PASS" starttime="20230103 22:01:51.901" endtime="20230103 22:01:51.943"/>
</kw>
<kw name="Set Variable" library="BuiltIn">
<var>${index}</var>
<arg>${${index} + ${1}}</arg>
<doc>Returns the given values which can then be assigned to a variables.</doc>
<msg timestamp="20230103 22:01:51.946" level="INFO">${index} = 20</msg>
<status status="PASS" starttime="20230103 22:01:51.944" endtime="20230103 22:01:51.946"/>
</kw>
<kw name="Log" library="BuiltIn">
<arg>${index}</arg>
<doc>Logs the given message with the given level.</doc>
<msg timestamp="20230103 22:01:51.947" level="INFO">20</msg>
<status status="PASS" starttime="20230103 22:01:51.946" endtime="20230103 22:01:51.947"/>
</kw>
<status status="PASS" starttime="20230103 22:01:51.882" endtime="20230103 22:01:51.947"/>
</iter>
<iter>
<var name="${element}">&lt;selenium.webdriver.remote.webelement.WebElement (session="817fd00de0394d833e2eace5f0d8fcff", element="d763e353-5310-4ee5-ac2c-0d3c07ee91f4")&gt;</var>
<kw name="Log" library="BuiltIn">
<arg>${element.text}</arg>
<doc>Logs the given message with the given level.</doc>
<msg timestamp="20230103 22:01:51.970" level="INFO">Office &amp; Stationery</msg>
<status status="PASS" starttime="20230103 22:01:51.947" endtime="20230103 22:01:51.971"/>
</kw>
<kw name="Add Value" library="make_excel">
<arg>NewExcel.xlsx</arg>
<arg>A${index}</arg>
<arg>${element.text}</arg>
<status status="PASS" starttime="20230103 22:01:51.971" endtime="20230103 22:01:52.022"/>
</kw>
<kw name="Set Variable" library="BuiltIn">
<var>${index}</var>
<arg>${${index} + ${1}}</arg>
<doc>Returns the given values which can then be assigned to a variables.</doc>
<msg timestamp="20230103 22:01:52.026" level="INFO">${index} = 21</msg>
<status status="PASS" starttime="20230103 22:01:52.023" endtime="20230103 22:01:52.026"/>
</kw>
<kw name="Log" library="BuiltIn">
<arg>${index}</arg>
<doc>Logs the given message with the given level.</doc>
<msg timestamp="20230103 22:01:52.027" level="INFO">21</msg>
<status status="PASS" starttime="20230103 22:01:52.027" endtime="20230103 22:01:52.027"/>
</kw>
<status status="PASS" starttime="20230103 22:01:51.947" endtime="20230103 22:01:52.027"/>
</iter>
<iter>
<var name="${element}">&lt;selenium.webdriver.remote.webelement.WebElement (session="817fd00de0394d833e2eace5f0d8fcff", element="9fccdd0b-cf07-4fbd-be2f-e1c46cdc13b9")&gt;</var>
<kw name="Log" library="BuiltIn">
<arg>${element.text}</arg>
<doc>Logs the given message with the given level.</doc>
<msg timestamp="20230103 22:01:52.053" level="INFO">Olahraga</msg>
<status status="PASS" starttime="20230103 22:01:52.028" endtime="20230103 22:01:52.053"/>
</kw>
<kw name="Add Value" library="make_excel">
<arg>NewExcel.xlsx</arg>
<arg>A${index}</arg>
<arg>${element.text}</arg>
<status status="PASS" starttime="20230103 22:01:52.053" endtime="20230103 22:01:52.073"/>
</kw>
<kw name="Set Variable" library="BuiltIn">
<var>${index}</var>
<arg>${${index} + ${1}}</arg>
<doc>Returns the given values which can then be assigned to a variables.</doc>
<msg timestamp="20230103 22:01:52.076" level="INFO">${index} = 22</msg>
<status status="PASS" starttime="20230103 22:01:52.073" endtime="20230103 22:01:52.076"/>
</kw>
<kw name="Log" library="BuiltIn">
<arg>${index}</arg>
<doc>Logs the given message with the given level.</doc>
<msg timestamp="20230103 22:01:52.076" level="INFO">22</msg>
<status status="PASS" starttime="20230103 22:01:52.076" endtime="20230103 22:01:52.076"/>
</kw>
<status status="PASS" starttime="20230103 22:01:52.028" endtime="20230103 22:01:52.076"/>
</iter>
<iter>
<var name="${element}">&lt;selenium.webdriver.remote.webelement.WebElement (session="817fd00de0394d833e2eace5f0d8fcff", element="3e7ec2b7-37a7-493e-8f4d-188a3f525aeb")&gt;</var>
<kw name="Log" library="BuiltIn">
<arg>${element.text}</arg>
<doc>Logs the given message with the given level.</doc>
<msg timestamp="20230103 22:01:52.098" level="INFO">Otomotif</msg>
<status status="PASS" starttime="20230103 22:01:52.077" endtime="20230103 22:01:52.098"/>
</kw>
<kw name="Add Value" library="make_excel">
<arg>NewExcel.xlsx</arg>
<arg>A${index}</arg>
<arg>${element.text}</arg>
<status status="PASS" starttime="20230103 22:01:52.099" endtime="20230103 22:01:52.133"/>
</kw>
<kw name="Set Variable" library="BuiltIn">
<var>${index}</var>
<arg>${${index} + ${1}}</arg>
<doc>Returns the given values which can then be assigned to a variables.</doc>
<msg timestamp="20230103 22:01:52.134" level="INFO">${index} = 23</msg>
<status status="PASS" starttime="20230103 22:01:52.133" endtime="20230103 22:01:52.134"/>
</kw>
<kw name="Log" library="BuiltIn">
<arg>${index}</arg>
<doc>Logs the given message with the given level.</doc>
<msg timestamp="20230103 22:01:52.135" level="INFO">23</msg>
<status status="PASS" starttime="20230103 22:01:52.134" endtime="20230103 22:01:52.135"/>
</kw>
<status status="PASS" starttime="20230103 22:01:52.077" endtime="20230103 22:01:52.135"/>
</iter>
<iter>
<var name="${element}">&lt;selenium.webdriver.remote.webelement.WebElement (session="817fd00de0394d833e2eace5f0d8fcff", element="cebc3af7-759b-4460-93f4-1cc9d7c7e236")&gt;</var>
<kw name="Log" library="BuiltIn">
<arg>${element.text}</arg>
<doc>Logs the given message with the given level.</doc>
<msg timestamp="20230103 22:01:52.155" level="INFO">Perawatan Hewan</msg>
<status status="PASS" starttime="20230103 22:01:52.135" endtime="20230103 22:01:52.155"/>
</kw>
<kw name="Add Value" library="make_excel">
<arg>NewExcel.xlsx</arg>
<arg>A${index}</arg>
<arg>${element.text}</arg>
<status status="PASS" starttime="20230103 22:01:52.155" endtime="20230103 22:01:52.190"/>
</kw>
<kw name="Set Variable" library="BuiltIn">
<var>${index}</var>
<arg>${${index} + ${1}}</arg>
<doc>Returns the given values which can then be assigned to a variables.</doc>
<msg timestamp="20230103 22:01:52.193" level="INFO">${index} = 24</msg>
<status status="PASS" starttime="20230103 22:01:52.190" endtime="20230103 22:01:52.193"/>
</kw>
<kw name="Log" library="BuiltIn">
<arg>${index}</arg>
<doc>Logs the given message with the given level.</doc>
<msg timestamp="20230103 22:01:52.193" level="INFO">24</msg>
<status status="PASS" starttime="20230103 22:01:52.193" endtime="20230103 22:01:52.193"/>
</kw>
<status status="PASS" starttime="20230103 22:01:52.135" endtime="20230103 22:01:52.194"/>
</iter>
<iter>
<var name="${element}">&lt;selenium.webdriver.remote.webelement.WebElement (session="817fd00de0394d833e2eace5f0d8fcff", element="b4f934a5-204c-408a-bf4b-c9d2f750c786")&gt;</var>
<kw name="Log" library="BuiltIn">
<arg>${element.text}</arg>
<doc>Logs the given message with the given level.</doc>
<msg timestamp="20230103 22:01:52.213" level="INFO">Perawatan Tubuh</msg>
<status status="PASS" starttime="20230103 22:01:52.194" endtime="20230103 22:01:52.213"/>
</kw>
<kw name="Add Value" library="make_excel">
<arg>NewExcel.xlsx</arg>
<arg>A${index}</arg>
<arg>${element.text}</arg>
<status status="PASS" starttime="20230103 22:01:52.213" endtime="20230103 22:01:52.236"/>
</kw>
<kw name="Set Variable" library="BuiltIn">
<var>${index}</var>
<arg>${${index} + ${1}}</arg>
<doc>Returns the given values which can then be assigned to a variables.</doc>
<msg timestamp="20230103 22:01:52.238" level="INFO">${index} = 25</msg>
<status status="PASS" starttime="20230103 22:01:52.236" endtime="20230103 22:01:52.238"/>
</kw>
<kw name="Log" library="BuiltIn">
<arg>${index}</arg>
<doc>Logs the given message with the given level.</doc>
<msg timestamp="20230103 22:01:52.238" level="INFO">25</msg>
<status status="PASS" starttime="20230103 22:01:52.238" endtime="20230103 22:01:52.238"/>
</kw>
<status status="PASS" starttime="20230103 22:01:52.194" endtime="20230103 22:01:52.238"/>
</iter>
<iter>
<var name="${element}">&lt;selenium.webdriver.remote.webelement.WebElement (session="817fd00de0394d833e2eace5f0d8fcff", element="12d4ad17-47cd-46d6-a415-f32f675fc96f")&gt;</var>
<kw name="Log" library="BuiltIn">
<arg>${element.text}</arg>
<doc>Logs the given message with the given level.</doc>
<msg timestamp="20230103 22:01:52.263" level="INFO">Perlengkapan Pesta &amp; Craft</msg>
<status status="PASS" starttime="20230103 22:01:52.239" endtime="20230103 22:01:52.263"/>
</kw>
<kw name="Add Value" library="make_excel">
<arg>NewExcel.xlsx</arg>
<arg>A${index}</arg>
<arg>${element.text}</arg>
<status status="PASS" starttime="20230103 22:01:52.263" endtime="20230103 22:01:52.284"/>
</kw>
<kw name="Set Variable" library="BuiltIn">
<var>${index}</var>
<arg>${${index} + ${1}}</arg>
<doc>Returns the given values which can then be assigned to a variables.</doc>
<msg timestamp="20230103 22:01:52.285" level="INFO">${index} = 26</msg>
<status status="PASS" starttime="20230103 22:01:52.284" endtime="20230103 22:01:52.285"/>
</kw>
<kw name="Log" library="BuiltIn">
<arg>${index}</arg>
<doc>Logs the given message with the given level.</doc>
<msg timestamp="20230103 22:01:52.286" level="INFO">26</msg>
<status status="PASS" starttime="20230103 22:01:52.286" endtime="20230103 22:01:52.286"/>
</kw>
<status status="PASS" starttime="20230103 22:01:52.238" endtime="20230103 22:01:52.286"/>
</iter>
<iter>
<var name="${element}">&lt;selenium.webdriver.remote.webelement.WebElement (session="817fd00de0394d833e2eace5f0d8fcff", element="ad1280c6-f536-46f6-a24e-3c22c8357048")&gt;</var>
<kw name="Log" library="BuiltIn">
<arg>${element.text}</arg>
<doc>Logs the given message with the given level.</doc>
<msg timestamp="20230103 22:01:52.304" level="INFO">Pertukangan</msg>
<status status="PASS" starttime="20230103 22:01:52.286" endtime="20230103 22:01:52.304"/>
</kw>
<kw name="Add Value" library="make_excel">
<arg>NewExcel.xlsx</arg>
<arg>A${index}</arg>
<arg>${element.text}</arg>
<status status="PASS" starttime="20230103 22:01:52.304" endtime="20230103 22:01:52.345"/>
</kw>
<kw name="Set Variable" library="BuiltIn">
<var>${index}</var>
<arg>${${index} + ${1}}</arg>
<doc>Returns the given values which can then be assigned to a variables.</doc>
<msg timestamp="20230103 22:01:52.350" level="INFO">${index} = 27</msg>
<status status="PASS" starttime="20230103 22:01:52.347" endtime="20230103 22:01:52.350"/>
</kw>
<kw name="Log" library="BuiltIn">
<arg>${index}</arg>
<doc>Logs the given message with the given level.</doc>
<msg timestamp="20230103 22:01:52.350" level="INFO">27</msg>
<status status="PASS" starttime="20230103 22:01:52.350" endtime="20230103 22:01:52.350"/>
</kw>
<status status="PASS" starttime="20230103 22:01:52.286" endtime="20230103 22:01:52.351"/>
</iter>
<iter>
<var name="${element}">&lt;selenium.webdriver.remote.webelement.WebElement (session="817fd00de0394d833e2eace5f0d8fcff", element="1e6b2d30-2b95-4764-8e78-829d59d06cbb")&gt;</var>
<kw name="Log" library="BuiltIn">
<arg>${element.text}</arg>
<doc>Logs the given message with the given level.</doc>
<msg timestamp="20230103 22:01:52.371" level="INFO">Produk Lainnya</msg>
<status status="PASS" starttime="20230103 22:01:52.351" endtime="20230103 22:01:52.372"/>
</kw>
<kw name="Add Value" library="make_excel">
<arg>NewExcel.xlsx</arg>
<arg>A${index}</arg>
<arg>${element.text}</arg>
<status status="PASS" starttime="20230103 22:01:52.372" endtime="20230103 22:01:52.406"/>
</kw>
<kw name="Set Variable" library="BuiltIn">
<var>${index}</var>
<arg>${${index} + ${1}}</arg>
<doc>Returns the given values which can then be assigned to a variables.</doc>
<msg timestamp="20230103 22:01:52.408" level="INFO">${index} = 28</msg>
<status status="PASS" starttime="20230103 22:01:52.406" endtime="20230103 22:01:52.408"/>
</kw>
<kw name="Log" library="BuiltIn">
<arg>${index}</arg>
<doc>Logs the given message with the given level.</doc>
<msg timestamp="20230103 22:01:52.409" level="INFO">28</msg>
<status status="PASS" starttime="20230103 22:01:52.408" endtime="20230103 22:01:52.409"/>
</kw>
<status status="PASS" starttime="20230103 22:01:52.351" endtime="20230103 22:01:52.409"/>
</iter>
<iter>
<var name="${element}">&lt;selenium.webdriver.remote.webelement.WebElement (session="817fd00de0394d833e2eace5f0d8fcff", element="5013f513-79e9-4728-ba2e-a0d9cce5d875")&gt;</var>
<kw name="Log" library="BuiltIn">
<arg>${element.text}</arg>
<doc>Logs the given message with the given level.</doc>
<msg timestamp="20230103 22:01:52.437" level="INFO">Properti</msg>
<status status="PASS" starttime="20230103 22:01:52.409" endtime="20230103 22:01:52.438"/>
</kw>
<kw name="Add Value" library="make_excel">
<arg>NewExcel.xlsx</arg>
<arg>A${index}</arg>
<arg>${element.text}</arg>
<status status="PASS" starttime="20230103 22:01:52.438" endtime="20230103 22:01:52.476"/>
</kw>
<kw name="Set Variable" library="BuiltIn">
<var>${index}</var>
<arg>${${index} + ${1}}</arg>
<doc>Returns the given values which can then be assigned to a variables.</doc>
<msg timestamp="20230103 22:01:52.477" level="INFO">${index} = 29</msg>
<status status="PASS" starttime="20230103 22:01:52.476" endtime="20230103 22:01:52.478"/>
</kw>
<kw name="Log" library="BuiltIn">
<arg>${index}</arg>
<doc>Logs the given message with the given level.</doc>
<msg timestamp="20230103 22:01:52.478" level="INFO">29</msg>
<status status="PASS" starttime="20230103 22:01:52.478" endtime="20230103 22:01:52.479"/>
</kw>
<status status="PASS" starttime="20230103 22:01:52.409" endtime="20230103 22:01:52.479"/>
</iter>
<iter>
<var name="${element}">&lt;selenium.webdriver.remote.webelement.WebElement (session="817fd00de0394d833e2eace5f0d8fcff", element="5fdcd477-e3ed-4387-9743-eab1f59dd326")&gt;</var>
<kw name="Log" library="BuiltIn">
<arg>${element.text}</arg>
<doc>Logs the given message with the given level.</doc>
<msg timestamp="20230103 22:01:52.496" level="INFO">Tour &amp; Travel</msg>
<status status="PASS" starttime="20230103 22:01:52.479" endtime="20230103 22:01:52.496"/>
</kw>
<kw name="Add Value" library="make_excel">
<arg>NewExcel.xlsx</arg>
<arg>A${index}</arg>
<arg>${element.text}</arg>
<status status="PASS" starttime="20230103 22:01:52.496" endtime="20230103 22:01:52.537"/>
</kw>
<kw name="Set Variable" library="BuiltIn">
<var>${index}</var>
<arg>${${index} + ${1}}</arg>
<doc>Returns the given values which can then be assigned to a variables.</doc>
<msg timestamp="20230103 22:01:52.540" level="INFO">${index} = 30</msg>
<status status="PASS" starttime="20230103 22:01:52.538" endtime="20230103 22:01:52.540"/>
</kw>
<kw name="Log" library="BuiltIn">
<arg>${index}</arg>
<doc>Logs the given message with the given level.</doc>
<msg timestamp="20230103 22:01:52.541" level="INFO">30</msg>
<status status="PASS" starttime="20230103 22:01:52.540" endtime="20230103 22:01:52.541"/>
</kw>
<status status="PASS" starttime="20230103 22:01:52.479" endtime="20230103 22:01:52.541"/>
</iter>
<iter>
<var name="${element}">&lt;selenium.webdriver.remote.webelement.WebElement (session="817fd00de0394d833e2eace5f0d8fcff", element="1a960c0b-ed3c-47ea-8338-5ef68dfd54bd")&gt;</var>
<kw name="Log" library="BuiltIn">
<arg>${element.text}</arg>
<doc>Logs the given message with the given level.</doc>
<msg timestamp="20230103 22:01:52.563" level="INFO">Wedding</msg>
<status status="PASS" starttime="20230103 22:01:52.541" endtime="20230103 22:01:52.563"/>
</kw>
<kw name="Add Value" library="make_excel">
<arg>NewExcel.xlsx</arg>
<arg>A${index}</arg>
<arg>${element.text}</arg>
<status status="PASS" starttime="20230103 22:01:52.563" endtime="20230103 22:01:52.585"/>
</kw>
<kw name="Set Variable" library="BuiltIn">
<var>${index}</var>
<arg>${${index} + ${1}}</arg>
<doc>Returns the given values which can then be assigned to a variables.</doc>
<msg timestamp="20230103 22:01:52.586" level="INFO">${index} = 31</msg>
<status status="PASS" starttime="20230103 22:01:52.585" endtime="20230103 22:01:52.586"/>
</kw>
<kw name="Log" library="BuiltIn">
<arg>${index}</arg>
<doc>Logs the given message with the given level.</doc>
<msg timestamp="20230103 22:01:52.587" level="INFO">31</msg>
<status status="PASS" starttime="20230103 22:01:52.586" endtime="20230103 22:01:52.587"/>
</kw>
<status status="PASS" starttime="20230103 22:01:52.541" endtime="20230103 22:01:52.587"/>
</iter>
<status status="PASS" starttime="20230103 22:01:50.855" endtime="20230103 22:01:52.587"/>
</for>
<kw name="Stop Recording Test" library="AutoRecorder">
<arg>Example Test</arg>
<doc>There is no need to execute this keyword manually.</doc>
<msg timestamp="20230103 22:01:52.589" level="INFO" html="true">&lt;a href="recording_2.webm"&gt;&lt;video width="800px" autoplay&gt;&lt;source src="recording_2.webm" type="video/webm"&gt;&lt;/video&gt;&lt;/a&gt;</msg>
<status status="PASS" starttime="20230103 22:01:52.588" endtime="20230103 22:01:52.589"/>
</kw>
<status status="PASS" starttime="20230103 22:01:35.665" endtime="20230103 22:01:52.587"/>
</test>
<status status="PASS" starttime="20230103 22:01:35.184" endtime="20230103 22:01:52.591"/>
</suite>
<statistics>
<total>
<stat pass="1" fail="0" skip="0">All Tests</stat>
</total>
<tag>
</tag>
<suite>
<stat pass="1" fail="0" skip="0" id="s1" name="Index">Index</stat>
</suite>
</statistics>
<errors>
</errors>
</robot>
