<?xml version="1.0" encoding="UTF-8"?>
<robot generator="Robot 6.0.1 (Python 3.8.10 on linux)" generated="20230104 14:22:51.238" rpa="false" schemaversion="3">
<suite id="s1" name="Index" source="/home/agung-kuliah/Documents/robot-framework/get-trending-keyword/index.robot">
<test id="s1-t1" name="Example Test" line="12">
<kw name="Open Browser" library="SeleniumLibrary">
<arg>browser=${browser}</arg>
<arg>url=${URL}</arg>
<doc>Opens a new browser instance to the optional ``url``.</doc>
<msg timestamp="20230104 14:22:54.005" level="INFO">Opening browser 'Chrome' to base url 'https://www.tokopedia.com/'.</msg>
<status status="PASS" starttime="20230104 14:22:54.003" endtime="20230104 14:22:58.778"/>
</kw>
<kw name="Maximize Browser Window" library="SeleniumLibrary">
<doc>Maximizes current browser window.</doc>
<status status="PASS" starttime="20230104 14:22:58.780" endtime="20230104 14:22:58.922"/>
</kw>
<kw name="Sleep" library="BuiltIn">
<arg>5s</arg>
<doc>Pauses the test executed for the given time.</doc>
<msg timestamp="20230104 14:23:03.924" level="INFO">Slept 5 seconds</msg>
<status status="PASS" starttime="20230104 14:22:58.923" endtime="20230104 14:23:03.924"/>
</kw>
<kw name="Make Excel File" library="make_excel">
<arg>NewExcel.xlsx</arg>
<status status="PASS" starttime="20230104 14:23:03.925" endtime="20230104 14:23:03.942"/>
</kw>
<kw name="Get WebElements" library="SeleniumLibrary">
<var>${elements}</var>
<arg>css=\#trending-popular-keywords a</arg>
<doc>Returns a list of WebElement objects matching the ``locator``.</doc>
<msg timestamp="20230104 14:23:03.974" level="INFO">${elements} = [&lt;selenium.webdriver.remote.webelement.WebElement (session="a4d71cb2009516ae6d6d7697986bcf5a", element="7537f47a-be6c-482a-a32a-ea6a26c3fe74")&gt;, &lt;selenium.webdriver.remote.webelement.WebElement (sessi...</msg>
<status status="PASS" starttime="20230104 14:23:03.943" endtime="20230104 14:23:03.974"/>
</kw>
<kw name="Sleep" library="BuiltIn">
<arg>5s</arg>
<doc>Pauses the test executed for the given time.</doc>
<msg timestamp="20230104 14:23:08.978" level="INFO">Slept 5 seconds</msg>
<status status="PASS" starttime="20230104 14:23:03.976" endtime="20230104 14:23:08.979"/>
</kw>
<kw name="Set Variable" library="BuiltIn">
<var>${index}</var>
<arg>${1}</arg>
<doc>Returns the given values which can then be assigned to a variables.</doc>
<msg timestamp="20230104 14:23:08.982" level="INFO">${index} = 1</msg>
<status status="PASS" starttime="20230104 14:23:08.980" endtime="20230104 14:23:08.982"/>
</kw>
<for flavor="IN">
<var>${element}</var>
<value>@{elements}</value>
<iter>
<var name="${element}">&lt;selenium.webdriver.remote.webelement.WebElement (session="a4d71cb2009516ae6d6d7697986bcf5a", element="7537f47a-be6c-482a-a32a-ea6a26c3fe74")&gt;</var>
<kw name="Log" library="BuiltIn">
<arg>${element.text}</arg>
<doc>Logs the given message with the given level.</doc>
<msg timestamp="20230104 14:23:09.013" level="INFO">Kursi Kantor</msg>
<status status="PASS" starttime="20230104 14:23:08.983" endtime="20230104 14:23:09.013"/>
</kw>
<kw name="Add Value" library="make_excel">
<arg>NewExcel.xlsx</arg>
<arg>A${index}</arg>
<arg>${element.text}</arg>
<status status="PASS" starttime="20230104 14:23:09.013" endtime="20230104 14:23:09.040"/>
</kw>
<kw name="Set Variable" library="BuiltIn">
<var>${index}</var>
<arg>${${index} + ${1}}</arg>
<doc>Returns the given values which can then be assigned to a variables.</doc>
<msg timestamp="20230104 14:23:09.042" level="INFO">${index} = 2</msg>
<status status="PASS" starttime="20230104 14:23:09.040" endtime="20230104 14:23:09.042"/>
</kw>
<kw name="Log" library="BuiltIn">
<arg>${index}</arg>
<doc>Logs the given message with the given level.</doc>
<msg timestamp="20230104 14:23:09.042" level="INFO">2</msg>
<status status="PASS" starttime="20230104 14:23:09.042" endtime="20230104 14:23:09.042"/>
</kw>
<status status="PASS" starttime="20230104 14:23:08.983" endtime="20230104 14:23:09.043"/>
</iter>
<iter>
<var name="${element}">&lt;selenium.webdriver.remote.webelement.WebElement (session="a4d71cb2009516ae6d6d7697986bcf5a", element="00f3db30-b337-4adf-82c3-00d384e568b3")&gt;</var>
<kw name="Log" library="BuiltIn">
<arg>${element.text}</arg>
<doc>Logs the given message with the given level.</doc>
<msg timestamp="20230104 14:23:09.060" level="INFO">Kandang Kucing</msg>
<status status="PASS" starttime="20230104 14:23:09.043" endtime="20230104 14:23:09.060"/>
</kw>
<kw name="Add Value" library="make_excel">
<arg>NewExcel.xlsx</arg>
<arg>A${index}</arg>
<arg>${element.text}</arg>
<status status="PASS" starttime="20230104 14:23:09.060" endtime="20230104 14:23:09.092"/>
</kw>
<kw name="Set Variable" library="BuiltIn">
<var>${index}</var>
<arg>${${index} + ${1}}</arg>
<doc>Returns the given values which can then be assigned to a variables.</doc>
<msg timestamp="20230104 14:23:09.095" level="INFO">${index} = 3</msg>
<status status="PASS" starttime="20230104 14:23:09.093" endtime="20230104 14:23:09.095"/>
</kw>
<kw name="Log" library="BuiltIn">
<arg>${index}</arg>
<doc>Logs the given message with the given level.</doc>
<msg timestamp="20230104 14:23:09.096" level="INFO">3</msg>
<status status="PASS" starttime="20230104 14:23:09.095" endtime="20230104 14:23:09.096"/>
</kw>
<status status="PASS" starttime="20230104 14:23:09.043" endtime="20230104 14:23:09.096"/>
</iter>
<iter>
<var name="${element}">&lt;selenium.webdriver.remote.webelement.WebElement (session="a4d71cb2009516ae6d6d7697986bcf5a", element="7e0d6fc8-a38c-4c9c-810e-7259ba11dd3d")&gt;</var>
<kw name="Log" library="BuiltIn">
<arg>${element.text}</arg>
<doc>Logs the given message with the given level.</doc>
<msg timestamp="20230104 14:23:09.116" level="INFO">Tas Selempang Pria</msg>
<status status="PASS" starttime="20230104 14:23:09.096" endtime="20230104 14:23:09.116"/>
</kw>
<kw name="Add Value" library="make_excel">
<arg>NewExcel.xlsx</arg>
<arg>A${index}</arg>
<arg>${element.text}</arg>
<status status="PASS" starttime="20230104 14:23:09.116" endtime="20230104 14:23:09.141"/>
</kw>
<kw name="Set Variable" library="BuiltIn">
<var>${index}</var>
<arg>${${index} + ${1}}</arg>
<doc>Returns the given values which can then be assigned to a variables.</doc>
<msg timestamp="20230104 14:23:09.143" level="INFO">${index} = 4</msg>
<status status="PASS" starttime="20230104 14:23:09.141" endtime="20230104 14:23:09.143"/>
</kw>
<kw name="Log" library="BuiltIn">
<arg>${index}</arg>
<doc>Logs the given message with the given level.</doc>
<msg timestamp="20230104 14:23:09.144" level="INFO">4</msg>
<status status="PASS" starttime="20230104 14:23:09.144" endtime="20230104 14:23:09.144"/>
</kw>
<status status="PASS" starttime="20230104 14:23:09.096" endtime="20230104 14:23:09.144"/>
</iter>
<iter>
<var name="${element}">&lt;selenium.webdriver.remote.webelement.WebElement (session="a4d71cb2009516ae6d6d7697986bcf5a", element="e40f1723-5ce1-486c-9680-2a252bc7be6a")&gt;</var>
<kw name="Log" library="BuiltIn">
<arg>${element.text}</arg>
<doc>Logs the given message with the given level.</doc>
<msg timestamp="20230104 14:23:09.161" level="INFO">Kalender 2023</msg>
<status status="PASS" starttime="20230104 14:23:09.145" endtime="20230104 14:23:09.162"/>
</kw>
<kw name="Add Value" library="make_excel">
<arg>NewExcel.xlsx</arg>
<arg>A${index}</arg>
<arg>${element.text}</arg>
<status status="PASS" starttime="20230104 14:23:09.162" endtime="20230104 14:23:09.189"/>
</kw>
<kw name="Set Variable" library="BuiltIn">
<var>${index}</var>
<arg>${${index} + ${1}}</arg>
<doc>Returns the given values which can then be assigned to a variables.</doc>
<msg timestamp="20230104 14:23:09.192" level="INFO">${index} = 5</msg>
<status status="PASS" starttime="20230104 14:23:09.189" endtime="20230104 14:23:09.192"/>
</kw>
<kw name="Log" library="BuiltIn">
<arg>${index}</arg>
<doc>Logs the given message with the given level.</doc>
<msg timestamp="20230104 14:23:09.192" level="INFO">5</msg>
<status status="PASS" starttime="20230104 14:23:09.192" endtime="20230104 14:23:09.192"/>
</kw>
<status status="PASS" starttime="20230104 14:23:09.145" endtime="20230104 14:23:09.192"/>
</iter>
<iter>
<var name="${element}">&lt;selenium.webdriver.remote.webelement.WebElement (session="a4d71cb2009516ae6d6d7697986bcf5a", element="1fef80fc-18ea-4546-96f4-14dd55ece6cb")&gt;</var>
<kw name="Log" library="BuiltIn">
<arg>${element.text}</arg>
<doc>Logs the given message with the given level.</doc>
<msg timestamp="20230104 14:23:09.213" level="INFO">Oppo A53</msg>
<status status="PASS" starttime="20230104 14:23:09.194" endtime="20230104 14:23:09.213"/>
</kw>
<kw name="Add Value" library="make_excel">
<arg>NewExcel.xlsx</arg>
<arg>A${index}</arg>
<arg>${element.text}</arg>
<status status="PASS" starttime="20230104 14:23:09.213" endtime="20230104 14:23:09.236"/>
</kw>
<kw name="Set Variable" library="BuiltIn">
<var>${index}</var>
<arg>${${index} + ${1}}</arg>
<doc>Returns the given values which can then be assigned to a variables.</doc>
<msg timestamp="20230104 14:23:09.238" level="INFO">${index} = 6</msg>
<status status="PASS" starttime="20230104 14:23:09.236" endtime="20230104 14:23:09.238"/>
</kw>
<kw name="Log" library="BuiltIn">
<arg>${index}</arg>
<doc>Logs the given message with the given level.</doc>
<msg timestamp="20230104 14:23:09.239" level="INFO">6</msg>
<status status="PASS" starttime="20230104 14:23:09.239" endtime="20230104 14:23:09.239"/>
</kw>
<status status="PASS" starttime="20230104 14:23:09.192" endtime="20230104 14:23:09.239"/>
</iter>
<iter>
<var name="${element}">&lt;selenium.webdriver.remote.webelement.WebElement (session="a4d71cb2009516ae6d6d7697986bcf5a", element="3673b730-0030-4357-a661-958f6d24f97f")&gt;</var>
<kw name="Log" library="BuiltIn">
<arg>${element.text}</arg>
<doc>Logs the given message with the given level.</doc>
<msg timestamp="20230104 14:23:09.259" level="INFO">Iphone 11 Second</msg>
<status status="PASS" starttime="20230104 14:23:09.239" endtime="20230104 14:23:09.259"/>
</kw>
<kw name="Add Value" library="make_excel">
<arg>NewExcel.xlsx</arg>
<arg>A${index}</arg>
<arg>${element.text}</arg>
<status status="PASS" starttime="20230104 14:23:09.259" endtime="20230104 14:23:09.283"/>
</kw>
<kw name="Set Variable" library="BuiltIn">
<var>${index}</var>
<arg>${${index} + ${1}}</arg>
<doc>Returns the given values which can then be assigned to a variables.</doc>
<msg timestamp="20230104 14:23:09.285" level="INFO">${index} = 7</msg>
<status status="PASS" starttime="20230104 14:23:09.283" endtime="20230104 14:23:09.285"/>
</kw>
<kw name="Log" library="BuiltIn">
<arg>${index}</arg>
<doc>Logs the given message with the given level.</doc>
<msg timestamp="20230104 14:23:09.285" level="INFO">7</msg>
<status status="PASS" starttime="20230104 14:23:09.285" endtime="20230104 14:23:09.286"/>
</kw>
<status status="PASS" starttime="20230104 14:23:09.239" endtime="20230104 14:23:09.286"/>
</iter>
<status status="PASS" starttime="20230104 14:23:08.982" endtime="20230104 14:23:09.286"/>
</for>
<kw name="Stop Recording Test" library="AutoRecorder">
<arg>Example Test</arg>
<doc>There is no need to execute this keyword manually.</doc>
<msg timestamp="20230104 14:23:09.326" level="INFO" html="true">&lt;a href="recording_3.webm"&gt;&lt;video width="800px" autoplay&gt;&lt;source src="recording_3.webm" type="video/webm"&gt;&lt;/video&gt;&lt;/a&gt;</msg>
<status status="PASS" starttime="20230104 14:23:09.288" endtime="20230104 14:23:09.326"/>
</kw>
<status status="PASS" starttime="20230104 14:22:51.873" endtime="20230104 14:23:09.287"/>
</test>
<status status="PASS" starttime="20230104 14:22:51.239" endtime="20230104 14:23:09.328"/>
</suite>
<statistics>
<total>
<stat pass="1" fail="0" skip="0">All Tests</stat>
</total>
<tag>
</tag>
<suite>
<stat pass="1" fail="0" skip="0" id="s1" name="Index">Index</stat>
</suite>
</statistics>
<errors>
</errors>
</robot>
