<?xml version="1.0" encoding="UTF-8"?>
<robot generator="Robot 6.0.1 (Python 3.8.10 on linux)" generated="20221226 21:38:15.924" rpa="false" schemaversion="3">
<suite id="s1" name="Make Excel" source="/home/agung-kuliah/Documents/robot-framework/file-excel/make_excel.robot">
<test id="s1-t1" name="Test" line="5">
<kw name="Make Excel File" library="make_excel">
<arg>NewExcel.xlsx</arg>
<status status="PASS" starttime="20221226 21:38:16.121" endtime="20221226 21:38:16.134"/>
</kw>
<kw name="Add Value" library="make_excel">
<arg>NewExcel.xlsx</arg>
<arg>A1</arg>
<arg>90</arg>
<status status="PASS" starttime="20221226 21:38:16.135" endtime="20221226 21:38:16.155"/>
</kw>
<status status="PASS" starttime="20221226 21:38:16.120" endtime="20221226 21:38:16.155"/>
</test>
<status status="PASS" starttime="20221226 21:38:15.927" endtime="20221226 21:38:16.157"/>
</suite>
<statistics>
<total>
<stat pass="1" fail="0" skip="0">All Tests</stat>
</total>
<tag>
</tag>
<suite>
<stat pass="1" fail="0" skip="0" id="s1" name="Make Excel">Make Excel</stat>
</suite>
</statistics>
<errors>
</errors>
</robot>
