<?xml version="1.0" encoding="UTF-8"?>
<robot generator="Robot 3.1.2 (Python 3.8.10 on linux)" generated="20230103 11:59:55.387" rpa="false">
<suite id="s1" name="Demo" source="/home/agung-kuliah/Documents/robot-framework/take-screenshot/demo.robot">
<test id="s1-t1" name="Example Test">
<kw name="Set Browser Timeout">
<arguments>
<arg>60 seconds</arg>
</arguments>
<msg timestamp="20230103 11:59:56.198" level="FAIL">No keyword with name 'Set Browser Timeout' found.</msg>
<status status="FAIL" starttime="20230103 11:59:56.198" endtime="20230103 11:59:56.199"></status>
</kw>
<status status="FAIL" starttime="20230103 11:59:56.192" endtime="20230103 11:59:56.199" critical="yes">No keyword with name 'Set Browser Timeout' found.</status>
</test>
<status status="FAIL" starttime="20230103 11:59:55.388" endtime="20230103 11:59:56.203"></status>
</suite>
<statistics>
<total>
<stat pass="0" fail="1">Critical Tests</stat>
<stat pass="0" fail="1">All Tests</stat>
</total>
<tag>
</tag>
<suite>
<stat pass="0" fail="1" id="s1" name="Demo">Demo</stat>
</suite>
</statistics>
<errors>
<msg timestamp="20230103 11:59:55.586" level="ERROR">Adding keyword 'Evaluate JavaScript' to library 'Browser' failed: Calling dynamic method 'get_keyword_arguments' failed: Return value must be list of strings.</msg>
<msg timestamp="20230103 11:59:55.586" level="ERROR">Adding keyword 'Execute JavaScript' to library 'Browser' failed: Calling dynamic method 'get_keyword_arguments' failed: Return value must be list of strings.</msg>
<msg timestamp="20230103 11:59:55.587" level="ERROR">Adding keyword 'Get BoundingBox' to library 'Browser' failed: Calling dynamic method 'get_keyword_arguments' failed: Return value must be list of strings.</msg>
<msg timestamp="20230103 11:59:55.587" level="ERROR">Adding keyword 'add_cookie' to library 'Browser' failed: Calling dynamic method 'get_keyword_arguments' failed: Return value must be list of strings.</msg>
<msg timestamp="20230103 11:59:55.588" level="ERROR">Adding keyword 'check_checkbox' to library 'Browser' failed: Calling dynamic method 'get_keyword_arguments' failed: Return value must be list of strings.</msg>
<msg timestamp="20230103 11:59:55.589" level="ERROR">Adding keyword 'click' to library 'Browser' failed: Calling dynamic method 'get_keyword_arguments' failed: Return value must be list of strings.</msg>
<msg timestamp="20230103 11:59:55.589" level="ERROR">Adding keyword 'close_browser' to library 'Browser' failed: Calling dynamic method 'get_keyword_arguments' failed: Return value must be list of strings.</msg>
<msg timestamp="20230103 11:59:55.590" level="ERROR">Adding keyword 'close_context' to library 'Browser' failed: Calling dynamic method 'get_keyword_arguments' failed: Return value must be list of strings.</msg>
<msg timestamp="20230103 11:59:55.590" level="ERROR">Adding keyword 'close_page' to library 'Browser' failed: Calling dynamic method 'get_keyword_arguments' failed: Return value must be list of strings.</msg>
<msg timestamp="20230103 11:59:55.590" level="ERROR">Adding keyword 'connect_to_browser' to library 'Browser' failed: Calling dynamic method 'get_keyword_arguments' failed: Return value must be list of strings.</msg>
<msg timestamp="20230103 11:59:55.590" level="ERROR">Adding keyword 'crawl_site' to library 'Browser' failed: Calling dynamic method 'get_keyword_arguments' failed: Return value must be list of strings.</msg>
<msg timestamp="20230103 11:59:55.592" level="ERROR">Adding keyword 'drag_and_drop' to library 'Browser' failed: Calling dynamic method 'get_keyword_arguments' failed: Return value must be list of strings.</msg>
<msg timestamp="20230103 11:59:55.592" level="ERROR">Adding keyword 'drag_and_drop_by_coordinates' to library 'Browser' failed: Calling dynamic method 'get_keyword_arguments' failed: Return value must be list of strings.</msg>
<msg timestamp="20230103 11:59:55.593" level="ERROR">Adding keyword 'drag_and_drop_relative_to' to library 'Browser' failed: Calling dynamic method 'get_keyword_arguments' failed: Return value must be list of strings.</msg>
<msg timestamp="20230103 11:59:55.593" level="ERROR">Adding keyword 'fill_secret' to library 'Browser' failed: Calling dynamic method 'get_keyword_arguments' failed: Return value must be list of strings.</msg>
<msg timestamp="20230103 11:59:55.593" level="ERROR">Adding keyword 'fill_text' to library 'Browser' failed: Calling dynamic method 'get_keyword_arguments' failed: Return value must be list of strings.</msg>
<msg timestamp="20230103 11:59:55.594" level="ERROR">Adding keyword 'get_attribute' to library 'Browser' failed: Calling dynamic method 'get_keyword_arguments' failed: Return value must be list of strings.</msg>
<msg timestamp="20230103 11:59:55.594" level="ERROR">Adding keyword 'get_attribute_names' to library 'Browser' failed: Calling dynamic method 'get_keyword_arguments' failed: Return value must be list of strings.</msg>
<msg timestamp="20230103 11:59:55.595" level="ERROR">Adding keyword 'get_browser_catalog' to library 'Browser' failed: Calling dynamic method 'get_keyword_arguments' failed: Return value must be list of strings.</msg>
<msg timestamp="20230103 11:59:55.595" level="ERROR">Adding keyword 'get_browser_ids' to library 'Browser' failed: Calling dynamic method 'get_keyword_arguments' failed: Return value must be list of strings.</msg>
<msg timestamp="20230103 11:59:55.595" level="ERROR">Adding keyword 'get_checkbox_state' to library 'Browser' failed: Calling dynamic method 'get_keyword_arguments' failed: Return value must be list of strings.</msg>
<msg timestamp="20230103 11:59:55.595" level="ERROR">Adding keyword 'get_classes' to library 'Browser' failed: Calling dynamic method 'get_keyword_arguments' failed: Return value must be list of strings.</msg>
<msg timestamp="20230103 11:59:55.596" level="ERROR">Adding keyword 'get_client_size' to library 'Browser' failed: Calling dynamic method 'get_keyword_arguments' failed: Return value must be list of strings.</msg>
<msg timestamp="20230103 11:59:55.596" level="ERROR">Adding keyword 'get_context_ids' to library 'Browser' failed: Calling dynamic method 'get_keyword_arguments' failed: Return value must be list of strings.</msg>
<msg timestamp="20230103 11:59:55.596" level="ERROR">Adding keyword 'get_cookie' to library 'Browser' failed: Calling dynamic method 'get_keyword_arguments' failed: Return value must be list of strings.</msg>
<msg timestamp="20230103 11:59:55.596" level="ERROR">Adding keyword 'get_cookies' to library 'Browser' failed: Calling dynamic method 'get_keyword_arguments' failed: Return value must be list of strings.</msg>
<msg timestamp="20230103 11:59:55.600" level="ERROR">Adding keyword 'get_element_count' to library 'Browser' failed: Calling dynamic method 'get_keyword_arguments' failed: Return value must be list of strings.</msg>
<msg timestamp="20230103 11:59:55.600" level="ERROR">Adding keyword 'get_element_state' to library 'Browser' failed: Calling dynamic method 'get_keyword_arguments' failed: Return value must be list of strings.</msg>
<msg timestamp="20230103 11:59:55.600" level="ERROR">Adding keyword 'get_element_states' to library 'Browser' failed: Calling dynamic method 'get_keyword_arguments' failed: Return value must be list of strings.</msg>
<msg timestamp="20230103 11:59:55.601" level="ERROR">Adding keyword 'get_page_ids' to library 'Browser' failed: Calling dynamic method 'get_keyword_arguments' failed: Return value must be list of strings.</msg>
<msg timestamp="20230103 11:59:55.601" level="ERROR">Adding keyword 'get_page_source' to library 'Browser' failed: Calling dynamic method 'get_keyword_arguments' failed: Return value must be list of strings.</msg>
<msg timestamp="20230103 11:59:55.601" level="ERROR">Adding keyword 'get_property' to library 'Browser' failed: Calling dynamic method 'get_keyword_arguments' failed: Return value must be list of strings.</msg>
<msg timestamp="20230103 11:59:55.601" level="ERROR">Adding keyword 'get_scroll_position' to library 'Browser' failed: Calling dynamic method 'get_keyword_arguments' failed: Return value must be list of strings.</msg>
<msg timestamp="20230103 11:59:55.601" level="ERROR">Adding keyword 'get_scroll_size' to library 'Browser' failed: Calling dynamic method 'get_keyword_arguments' failed: Return value must be list of strings.</msg>
<msg timestamp="20230103 11:59:55.602" level="ERROR">Adding keyword 'get_select_options' to library 'Browser' failed: Calling dynamic method 'get_keyword_arguments' failed: Return value must be list of strings.</msg>
<msg timestamp="20230103 11:59:55.602" level="ERROR">Adding keyword 'get_selected_options' to library 'Browser' failed: Calling dynamic method 'get_keyword_arguments' failed: Return value must be list of strings.</msg>
<msg timestamp="20230103 11:59:55.602" level="ERROR">Adding keyword 'get_style' to library 'Browser' failed: Calling dynamic method 'get_keyword_arguments' failed: Return value must be list of strings.</msg>
<msg timestamp="20230103 11:59:55.603" level="ERROR">Adding keyword 'get_table_cell_index' to library 'Browser' failed: Calling dynamic method 'get_keyword_arguments' failed: Return value must be list of strings.</msg>
<msg timestamp="20230103 11:59:55.603" level="ERROR">Adding keyword 'get_table_row_index' to library 'Browser' failed: Calling dynamic method 'get_keyword_arguments' failed: Return value must be list of strings.</msg>
<msg timestamp="20230103 11:59:55.603" level="ERROR">Adding keyword 'get_text' to library 'Browser' failed: Calling dynamic method 'get_keyword_arguments' failed: Return value must be list of strings.</msg>
<msg timestamp="20230103 11:59:55.603" level="ERROR">Adding keyword 'get_title' to library 'Browser' failed: Calling dynamic method 'get_keyword_arguments' failed: Return value must be list of strings.</msg>
<msg timestamp="20230103 11:59:55.604" level="ERROR">Adding keyword 'get_url' to library 'Browser' failed: Calling dynamic method 'get_keyword_arguments' failed: Return value must be list of strings.</msg>
<msg timestamp="20230103 11:59:55.604" level="ERROR">Adding keyword 'get_viewport_size' to library 'Browser' failed: Calling dynamic method 'get_keyword_arguments' failed: Return value must be list of strings.</msg>
<msg timestamp="20230103 11:59:55.605" level="ERROR">Adding keyword 'go_to' to library 'Browser' failed: Calling dynamic method 'get_keyword_arguments' failed: Return value must be list of strings.</msg>
<msg timestamp="20230103 11:59:55.605" level="ERROR">Adding keyword 'grant_permissions' to library 'Browser' failed: Calling dynamic method 'get_keyword_arguments' failed: Return value must be list of strings.</msg>
<msg timestamp="20230103 11:59:55.605" level="ERROR">Adding keyword 'handle_future_dialogs' to library 'Browser' failed: Calling dynamic method 'get_keyword_arguments' failed: Return value must be list of strings.</msg>
<msg timestamp="20230103 11:59:55.605" level="ERROR">Adding keyword 'highlight_elements' to library 'Browser' failed: Calling dynamic method 'get_keyword_arguments' failed: Return value must be list of strings.</msg>
<msg timestamp="20230103 11:59:55.605" level="ERROR">Adding keyword 'hover' to library 'Browser' failed: Calling dynamic method 'get_keyword_arguments' failed: Return value must be list of strings.</msg>
<msg timestamp="20230103 11:59:55.606" level="ERROR">Adding keyword 'http' to library 'Browser' failed: Calling dynamic method 'get_keyword_arguments' failed: Return value must be list of strings.</msg>
<msg timestamp="20230103 11:59:55.606" level="ERROR">Adding keyword 'keyboard_input' to library 'Browser' failed: Calling dynamic method 'get_keyword_arguments' failed: Return value must be list of strings.</msg>
<msg timestamp="20230103 11:59:55.607" level="ERROR">Adding keyword 'localStorage get Item' to library 'Browser' failed: Calling dynamic method 'get_keyword_arguments' failed: Return value must be list of strings.</msg>
<msg timestamp="20230103 11:59:55.608" level="ERROR">Adding keyword 'mouse_button' to library 'Browser' failed: Calling dynamic method 'get_keyword_arguments' failed: Return value must be list of strings.</msg>
<msg timestamp="20230103 11:59:55.608" level="ERROR">Adding keyword 'mouse_move' to library 'Browser' failed: Calling dynamic method 'get_keyword_arguments' failed: Return value must be list of strings.</msg>
<msg timestamp="20230103 11:59:55.609" level="ERROR">Adding keyword 'mouse_move_relative_to' to library 'Browser' failed: Calling dynamic method 'get_keyword_arguments' failed: Return value must be list of strings.</msg>
<msg timestamp="20230103 11:59:55.610" level="ERROR">Adding keyword 'new_browser' to library 'Browser' failed: Calling dynamic method 'get_keyword_arguments' failed: Return value must be list of strings.</msg>
<msg timestamp="20230103 11:59:55.610" level="ERROR">Adding keyword 'new_context' to library 'Browser' failed: Calling dynamic method 'get_keyword_arguments' failed: Return value must be list of strings.</msg>
<msg timestamp="20230103 11:59:55.610" level="ERROR">Adding keyword 'new_page' to library 'Browser' failed: Calling dynamic method 'get_keyword_arguments' failed: Return value must be list of strings.</msg>
<msg timestamp="20230103 11:59:55.611" level="ERROR">Adding keyword 'new_persistent_context' to library 'Browser' failed: Calling dynamic method 'get_keyword_arguments' failed: Return value must be list of strings.</msg>
<msg timestamp="20230103 11:59:55.611" level="ERROR">Adding keyword 'open_browser' to library 'Browser' failed: Calling dynamic method 'get_keyword_arguments' failed: Return value must be list of strings.</msg>
<msg timestamp="20230103 11:59:55.613" level="ERROR">Adding keyword 'promise_to_wait_for_download' to library 'Browser' failed: Calling dynamic method 'get_keyword_arguments' failed: Return value must be list of strings.</msg>
<msg timestamp="20230103 11:59:55.613" level="ERROR">Adding keyword 'record_selector' to library 'Browser' failed: Calling dynamic method 'get_keyword_arguments' failed: Return value must be list of strings.</msg>
<msg timestamp="20230103 11:59:55.615" level="ERROR">Adding keyword 'scroll_by' to library 'Browser' failed: Calling dynamic method 'get_keyword_arguments' failed: Return value must be list of strings.</msg>
<msg timestamp="20230103 11:59:55.616" level="ERROR">Adding keyword 'scroll_to' to library 'Browser' failed: Calling dynamic method 'get_keyword_arguments' failed: Return value must be list of strings.</msg>
<msg timestamp="20230103 11:59:55.618" level="ERROR">Adding keyword 'sessionStorage get Item' to library 'Browser' failed: Calling dynamic method 'get_keyword_arguments' failed: Return value must be list of strings.</msg>
<msg timestamp="20230103 11:59:55.620" level="ERROR">Adding keyword 'set_browser_timeout' to library 'Browser' failed: Calling dynamic method 'get_keyword_arguments' failed: Return value must be list of strings.</msg>
<msg timestamp="20230103 11:59:55.620" level="ERROR">Adding keyword 'set_geolocation' to library 'Browser' failed: Calling dynamic method 'get_keyword_arguments' failed: Return value must be list of strings.</msg>
<msg timestamp="20230103 11:59:55.620" level="ERROR">Adding keyword 'set_offline' to library 'Browser' failed: Calling dynamic method 'get_keyword_arguments' failed: Return value must be list of strings.</msg>
<msg timestamp="20230103 11:59:55.620" level="ERROR">Adding keyword 'set_retry_assertions_for' to library 'Browser' failed: Calling dynamic method 'get_keyword_arguments' failed: Return value must be list of strings.</msg>
<msg timestamp="20230103 11:59:55.620" level="ERROR">Adding keyword 'set_selector_prefix' to library 'Browser' failed: Calling dynamic method 'get_keyword_arguments' failed: Return value must be list of strings.</msg>
<msg timestamp="20230103 11:59:55.621" level="ERROR">Adding keyword 'set_strict_mode' to library 'Browser' failed: Calling dynamic method 'get_keyword_arguments' failed: Return value must be list of strings.</msg>
<msg timestamp="20230103 11:59:55.621" level="ERROR">Adding keyword 'show_keyword_banner' to library 'Browser' failed: Calling dynamic method 'get_keyword_arguments' failed: Return value must be list of strings.</msg>
<msg timestamp="20230103 11:59:55.622" level="ERROR">Adding keyword 'switch_context' to library 'Browser' failed: Calling dynamic method 'get_keyword_arguments' failed: Return value must be list of strings.</msg>
<msg timestamp="20230103 11:59:55.622" level="ERROR">Adding keyword 'switch_page' to library 'Browser' failed: Calling dynamic method 'get_keyword_arguments' failed: Return value must be list of strings.</msg>
<msg timestamp="20230103 11:59:55.622" level="ERROR">Adding keyword 'take_screenshot' to library 'Browser' failed: Calling dynamic method 'get_keyword_arguments' failed: Return value must be list of strings.</msg>
<msg timestamp="20230103 11:59:55.623" level="ERROR">Adding keyword 'type_secret' to library 'Browser' failed: Calling dynamic method 'get_keyword_arguments' failed: Return value must be list of strings.</msg>
<msg timestamp="20230103 11:59:55.623" level="ERROR">Adding keyword 'type_text' to library 'Browser' failed: Calling dynamic method 'get_keyword_arguments' failed: Return value must be list of strings.</msg>
<msg timestamp="20230103 11:59:55.623" level="ERROR">Adding keyword 'uncheck_checkbox' to library 'Browser' failed: Calling dynamic method 'get_keyword_arguments' failed: Return value must be list of strings.</msg>
<msg timestamp="20230103 11:59:55.624" level="ERROR">Adding keyword 'wait_for_alert' to library 'Browser' failed: Calling dynamic method 'get_keyword_arguments' failed: Return value must be list of strings.</msg>
<msg timestamp="20230103 11:59:55.624" level="ERROR">Adding keyword 'wait_for_condition' to library 'Browser' failed: Calling dynamic method 'get_keyword_arguments' failed: Return value must be list of strings.</msg>
<msg timestamp="20230103 11:59:55.625" level="ERROR">Adding keyword 'wait_for_elements_state' to library 'Browser' failed: Calling dynamic method 'get_keyword_arguments' failed: Return value must be list of strings.</msg>
<msg timestamp="20230103 11:59:55.625" level="ERROR">Adding keyword 'wait_for_function' to library 'Browser' failed: Calling dynamic method 'get_keyword_arguments' failed: Return value must be list of strings.</msg>
<msg timestamp="20230103 11:59:55.625" level="ERROR">Adding keyword 'wait_for_navigation' to library 'Browser' failed: Calling dynamic method 'get_keyword_arguments' failed: Return value must be list of strings.</msg>
<msg timestamp="20230103 11:59:55.625" level="ERROR">Adding keyword 'wait_for_request' to library 'Browser' failed: Calling dynamic method 'get_keyword_arguments' failed: Return value must be list of strings.</msg>
<msg timestamp="20230103 11:59:55.625" level="ERROR">Adding keyword 'wait_for_response' to library 'Browser' failed: Calling dynamic method 'get_keyword_arguments' failed: Return value must be list of strings.</msg>
<msg timestamp="20230103 11:59:55.626" level="ERROR">Adding keyword 'wait_until_network_is_idle' to library 'Browser' failed: Calling dynamic method 'get_keyword_arguments' failed: Return value must be list of strings.</msg>
</errors>
</robot>
