<?xml version="1.0" encoding="UTF-8"?>
<robot generator="Robot 6.0.1 (Python 3.8.10 on linux)" generated="20230103 22:01:16.467" rpa="false" schemaversion="3">
<suite id="s1" name="Index" source="/home/agung-kuliah/Documents/robot-framework/get-product/index.robot">
<test id="s1-t1" name="Example Test" line="12">
<kw name="Open Browser" library="SeleniumLibrary">
<arg>browser=${browser}</arg>
<arg>url=${URL}</arg>
<doc>Opens a new browser instance to the optional ``url``.</doc>
<msg timestamp="20230103 22:01:19.044" level="INFO">Opening browser 'Chrome' to base url 'https://www.tokopedia.com/'.</msg>
<status status="PASS" starttime="20230103 22:01:19.043" endtime="20230103 22:01:23.035"/>
</kw>
<kw name="Maximize Browser Window" library="SeleniumLibrary">
<doc>Maximizes current browser window.</doc>
<status status="PASS" starttime="20230103 22:01:23.036" endtime="20230103 22:01:23.203"/>
</kw>
<kw name="Input Text" library="SeleniumLibrary">
<arg>css=input[aria-label="Cari di Tokopedia"]</arg>
<arg>Sepeda</arg>
<doc>Types the given ``text`` into the text field identified by ``locator``.</doc>
<msg timestamp="20230103 22:01:23.209" level="INFO">Typing text 'Sepeda' into text field 'css=input[aria-label="Cari di Tokopedia"]'.</msg>
<status status="PASS" starttime="20230103 22:01:23.205" endtime="20230103 22:01:23.771"/>
</kw>
<kw name="Click Button" library="SeleniumLibrary">
<arg>css=button[aria-label="Kirimkan"]</arg>
<doc>Clicks the button identified by ``locator``.</doc>
<msg timestamp="20230103 22:01:23.772" level="INFO">Clicking button 'css=button[aria-label="Kirimkan"]'.</msg>
<status status="PASS" starttime="20230103 22:01:23.771" endtime="20230103 22:01:24.226"/>
</kw>
<kw name="Wait Until Element Is Visible" library="SeleniumLibrary">
<arg>data:testid:result-header-wrapper</arg>
<arg>30 seconds</arg>
<doc>Waits until the element ``locator`` is visible.</doc>
<status status="PASS" starttime="20230103 22:01:24.228" endtime="20230103 22:01:25.513"/>
</kw>
<kw name="Get WebElements" library="SeleniumLibrary">
<var>${elements}</var>
<arg>css=div[data-testid="master-product-card"] a.pcv3__info-content</arg>
<doc>Returns a list of WebElement objects matching the ``locator``.</doc>
<msg timestamp="20230103 22:01:25.535" level="INFO">${elements} = [&lt;selenium.webdriver.remote.webelement.WebElement (session="3b09fbcf003842a8e5ae187f0fe64cce", element="78614635-0412-44ec-968b-50a2a2cef50c")&gt;, &lt;selenium.webdriver.remote.webelement.WebElement (sessi...</msg>
<status status="PASS" starttime="20230103 22:01:25.514" endtime="20230103 22:01:25.535"/>
</kw>
<kw name="Make Excel File" library="make_excel">
<arg>NewExcel.xlsx</arg>
<status status="PASS" starttime="20230103 22:01:25.536" endtime="20230103 22:01:25.552"/>
</kw>
<kw name="Set Variable" library="BuiltIn">
<var>${index}</var>
<arg>${1}</arg>
<doc>Returns the given values which can then be assigned to a variables.</doc>
<msg timestamp="20230103 22:01:25.553" level="INFO">${index} = 1</msg>
<status status="PASS" starttime="20230103 22:01:25.552" endtime="20230103 22:01:25.553"/>
</kw>
<for flavor="IN">
<var>${element}</var>
<value>@{elements}</value>
<iter>
<var name="${element}">&lt;selenium.webdriver.remote.webelement.WebElement (session="3b09fbcf003842a8e5ae187f0fe64cce", element="78614635-0412-44ec-968b-50a2a2cef50c")&gt;</var>
<kw name="Log" library="BuiltIn">
<arg>${element.text}</arg>
<doc>Logs the given message with the given level.</doc>
<msg timestamp="20230103 22:01:25.580" level="INFO">Sepeda Listrik Uwinfly df5s - tosca
Rp 4.599.000</msg>
<status status="PASS" starttime="20230103 22:01:25.554" endtime="20230103 22:01:25.580"/>
</kw>
<kw name="Add Value" library="make_excel">
<arg>NewExcel.xlsx</arg>
<arg>A${index}</arg>
<arg>${element.text}</arg>
<status status="PASS" starttime="20230103 22:01:25.581" endtime="20230103 22:01:25.608"/>
</kw>
<kw name="Set Variable" library="BuiltIn">
<var>${index}</var>
<arg>${${index} + ${1}}</arg>
<doc>Returns the given values which can then be assigned to a variables.</doc>
<msg timestamp="20230103 22:01:25.610" level="INFO">${index} = 2</msg>
<status status="PASS" starttime="20230103 22:01:25.609" endtime="20230103 22:01:25.610"/>
</kw>
<kw name="Log" library="BuiltIn">
<arg>${index}</arg>
<doc>Logs the given message with the given level.</doc>
<msg timestamp="20230103 22:01:25.610" level="INFO">2</msg>
<status status="PASS" starttime="20230103 22:01:25.610" endtime="20230103 22:01:25.610"/>
</kw>
<status status="PASS" starttime="20230103 22:01:25.554" endtime="20230103 22:01:25.610"/>
</iter>
<iter>
<var name="${element}">&lt;selenium.webdriver.remote.webelement.WebElement (session="3b09fbcf003842a8e5ae187f0fe64cce", element="ebaf4c76-453c-4844-96f0-ef1997f1e9e7")&gt;</var>
<kw name="Log" library="BuiltIn">
<arg>${element.text}</arg>
<doc>Logs the given message with the given level.</doc>
<msg timestamp="20230103 22:01:25.627" level="INFO">sepeda motor listrik uwinfly u2s - Hitam
Rp 6.399.000</msg>
<status status="PASS" starttime="20230103 22:01:25.610" endtime="20230103 22:01:25.627"/>
</kw>
<kw name="Add Value" library="make_excel">
<arg>NewExcel.xlsx</arg>
<arg>A${index}</arg>
<arg>${element.text}</arg>
<status status="PASS" starttime="20230103 22:01:25.627" endtime="20230103 22:01:25.670"/>
</kw>
<kw name="Set Variable" library="BuiltIn">
<var>${index}</var>
<arg>${${index} + ${1}}</arg>
<doc>Returns the given values which can then be assigned to a variables.</doc>
<msg timestamp="20230103 22:01:25.671" level="INFO">${index} = 3</msg>
<status status="PASS" starttime="20230103 22:01:25.670" endtime="20230103 22:01:25.671"/>
</kw>
<kw name="Log" library="BuiltIn">
<arg>${index}</arg>
<doc>Logs the given message with the given level.</doc>
<msg timestamp="20230103 22:01:25.672" level="INFO">3</msg>
<status status="PASS" starttime="20230103 22:01:25.671" endtime="20230103 22:01:25.672"/>
</kw>
<status status="PASS" starttime="20230103 22:01:25.610" endtime="20230103 22:01:25.672"/>
</iter>
<iter>
<var name="${element}">&lt;selenium.webdriver.remote.webelement.WebElement (session="3b09fbcf003842a8e5ae187f0fe64cce", element="ae246d7d-d52b-4469-860d-39e3bb6a03be")&gt;</var>
<kw name="Log" library="BuiltIn">
<arg>${element.text}</arg>
<doc>Logs the given message with the given level.</doc>
<msg timestamp="20230103 22:01:25.707" level="INFO">sepeda listrik ion five - Merah
Rp 5.399.000</msg>
<status status="PASS" starttime="20230103 22:01:25.672" endtime="20230103 22:01:25.707"/>
</kw>
<kw name="Add Value" library="make_excel">
<arg>NewExcel.xlsx</arg>
<arg>A${index}</arg>
<arg>${element.text}</arg>
<status status="PASS" starttime="20230103 22:01:25.708" endtime="20230103 22:01:25.751"/>
</kw>
<kw name="Set Variable" library="BuiltIn">
<var>${index}</var>
<arg>${${index} + ${1}}</arg>
<doc>Returns the given values which can then be assigned to a variables.</doc>
<msg timestamp="20230103 22:01:25.754" level="INFO">${index} = 4</msg>
<status status="PASS" starttime="20230103 22:01:25.752" endtime="20230103 22:01:25.754"/>
</kw>
<kw name="Log" library="BuiltIn">
<arg>${index}</arg>
<doc>Logs the given message with the given level.</doc>
<msg timestamp="20230103 22:01:25.754" level="INFO">4</msg>
<status status="PASS" starttime="20230103 22:01:25.754" endtime="20230103 22:01:25.754"/>
</kw>
<status status="PASS" starttime="20230103 22:01:25.672" endtime="20230103 22:01:25.754"/>
</iter>
<iter>
<var name="${element}">&lt;selenium.webdriver.remote.webelement.WebElement (session="3b09fbcf003842a8e5ae187f0fe64cce", element="199fc3a5-7f35-48fd-8bcc-67efb07018e1")&gt;</var>
<kw name="Log" library="BuiltIn">
<arg>${element.text}</arg>
<doc>Logs the given message with the given level.</doc>
<msg timestamp="20230103 22:01:25.778" level="INFO">Xiaomi WalkingPad Model Treadmil Pro Smart Treadmill PRO Kingsmith
Rp5.548.590
Cashback
Jakarta Barat
CV MAANBE BEAUTY
5.0
Terjual 4</msg>
<status status="PASS" starttime="20230103 22:01:25.755" endtime="20230103 22:01:25.778"/>
</kw>
<kw name="Add Value" library="make_excel">
<arg>NewExcel.xlsx</arg>
<arg>A${index}</arg>
<arg>${element.text}</arg>
<status status="PASS" starttime="20230103 22:01:25.778" endtime="20230103 22:01:25.822"/>
</kw>
<kw name="Set Variable" library="BuiltIn">
<var>${index}</var>
<arg>${${index} + ${1}}</arg>
<doc>Returns the given values which can then be assigned to a variables.</doc>
<msg timestamp="20230103 22:01:25.825" level="INFO">${index} = 5</msg>
<status status="PASS" starttime="20230103 22:01:25.823" endtime="20230103 22:01:25.825"/>
</kw>
<kw name="Log" library="BuiltIn">
<arg>${index}</arg>
<doc>Logs the given message with the given level.</doc>
<msg timestamp="20230103 22:01:25.826" level="INFO">5</msg>
<status status="PASS" starttime="20230103 22:01:25.825" endtime="20230103 22:01:25.826"/>
</kw>
<status status="PASS" starttime="20230103 22:01:25.755" endtime="20230103 22:01:25.826"/>
</iter>
<iter>
<var name="${element}">&lt;selenium.webdriver.remote.webelement.WebElement (session="3b09fbcf003842a8e5ae187f0fe64cce", element="a2f68291-20d9-4bb0-bd0f-520a0e1df368")&gt;</var>
<kw name="Log" library="BuiltIn">
<arg>${element.text}</arg>
<doc>Logs the given message with the given level.</doc>
<msg timestamp="20230103 22:01:25.849" level="INFO">West Biking Lampu Depan Sepeda 1000 Lumen USB 4000mAH YP0701322
Rp195.000
Dilayani Tokopedia
vesantra
5.0
Terjual 40+</msg>
<status status="PASS" starttime="20230103 22:01:25.826" endtime="20230103 22:01:25.849"/>
</kw>
<kw name="Add Value" library="make_excel">
<arg>NewExcel.xlsx</arg>
<arg>A${index}</arg>
<arg>${element.text}</arg>
<status status="PASS" starttime="20230103 22:01:25.849" endtime="20230103 22:01:25.888"/>
</kw>
<kw name="Set Variable" library="BuiltIn">
<var>${index}</var>
<arg>${${index} + ${1}}</arg>
<doc>Returns the given values which can then be assigned to a variables.</doc>
<msg timestamp="20230103 22:01:25.891" level="INFO">${index} = 6</msg>
<status status="PASS" starttime="20230103 22:01:25.889" endtime="20230103 22:01:25.891"/>
</kw>
<kw name="Log" library="BuiltIn">
<arg>${index}</arg>
<doc>Logs the given message with the given level.</doc>
<msg timestamp="20230103 22:01:25.891" level="INFO">6</msg>
<status status="PASS" starttime="20230103 22:01:25.891" endtime="20230103 22:01:25.891"/>
</kw>
<status status="PASS" starttime="20230103 22:01:25.826" endtime="20230103 22:01:25.892"/>
</iter>
<iter>
<var name="${element}">&lt;selenium.webdriver.remote.webelement.WebElement (session="3b09fbcf003842a8e5ae187f0fe64cce", element="996ad8be-3efe-4744-9803-7d7783330254")&gt;</var>
<kw name="Log" library="BuiltIn">
<arg>${element.text}</arg>
<doc>Logs the given message with the given level.</doc>
<msg timestamp="20230103 22:01:25.914" level="INFO">PAKET KOMPLIT SEPEDA LAMPU DEPAN BELAKANG RECHARGEABLE + BEL SEPEDA
Rp55.000
Jakarta Utara
Chuan Store
4.8
Terjual 6 rb+</msg>
<status status="PASS" starttime="20230103 22:01:25.892" endtime="20230103 22:01:25.915"/>
</kw>
<kw name="Add Value" library="make_excel">
<arg>NewExcel.xlsx</arg>
<arg>A${index}</arg>
<arg>${element.text}</arg>
<status status="PASS" starttime="20230103 22:01:25.915" endtime="20230103 22:01:25.957"/>
</kw>
<kw name="Set Variable" library="BuiltIn">
<var>${index}</var>
<arg>${${index} + ${1}}</arg>
<doc>Returns the given values which can then be assigned to a variables.</doc>
<msg timestamp="20230103 22:01:25.959" level="INFO">${index} = 7</msg>
<status status="PASS" starttime="20230103 22:01:25.957" endtime="20230103 22:01:25.959"/>
</kw>
<kw name="Log" library="BuiltIn">
<arg>${index}</arg>
<doc>Logs the given message with the given level.</doc>
<msg timestamp="20230103 22:01:25.960" level="INFO">7</msg>
<status status="PASS" starttime="20230103 22:01:25.959" endtime="20230103 22:01:25.960"/>
</kw>
<status status="PASS" starttime="20230103 22:01:25.892" endtime="20230103 22:01:25.960"/>
</iter>
<iter>
<var name="${element}">&lt;selenium.webdriver.remote.webelement.WebElement (session="3b09fbcf003842a8e5ae187f0fe64cce", element="04533f0a-5e82-401f-81b0-0ffaae576375")&gt;</var>
<kw name="Log" library="BuiltIn">
<arg>${element.text}</arg>
<doc>Logs the given message with the given level.</doc>
<msg timestamp="20230103 22:01:25.983" level="INFO">Topi Sepeda Cycling Cap topi gowes reflektif RUNGKAD Topi Olahraga
Rp81.000
10%
Rp90.000
Bandung
CKS Cloth
5.0
Terjual 30+</msg>
<status status="PASS" starttime="20230103 22:01:25.960" endtime="20230103 22:01:25.983"/>
</kw>
<kw name="Add Value" library="make_excel">
<arg>NewExcel.xlsx</arg>
<arg>A${index}</arg>
<arg>${element.text}</arg>
<status status="PASS" starttime="20230103 22:01:25.983" endtime="20230103 22:01:26.024"/>
</kw>
<kw name="Set Variable" library="BuiltIn">
<var>${index}</var>
<arg>${${index} + ${1}}</arg>
<doc>Returns the given values which can then be assigned to a variables.</doc>
<msg timestamp="20230103 22:01:26.027" level="INFO">${index} = 8</msg>
<status status="PASS" starttime="20230103 22:01:26.025" endtime="20230103 22:01:26.027"/>
</kw>
<kw name="Log" library="BuiltIn">
<arg>${index}</arg>
<doc>Logs the given message with the given level.</doc>
<msg timestamp="20230103 22:01:26.027" level="INFO">8</msg>
<status status="PASS" starttime="20230103 22:01:26.027" endtime="20230103 22:01:26.027"/>
</kw>
<status status="PASS" starttime="20230103 22:01:25.960" endtime="20230103 22:01:26.028"/>
</iter>
<iter>
<var name="${element}">&lt;selenium.webdriver.remote.webelement.WebElement (session="3b09fbcf003842a8e5ae187f0fe64cce", element="8ca5b66a-909e-4994-b4ef-303d16831e27")&gt;</var>
<kw name="Log" library="BuiltIn">
<arg>${element.text}</arg>
<doc>Logs the given message with the given level.</doc>
<msg timestamp="20230103 22:01:26.058" level="INFO">[READY] Sepeda Dewasa Retro Classic dengan 7 Pengaturan Kecepatan
Rp3.499.000
Jakarta Barat
CL CYCLE
Terjual 2</msg>
<status status="PASS" starttime="20230103 22:01:26.028" endtime="20230103 22:01:26.059"/>
</kw>
<kw name="Add Value" library="make_excel">
<arg>NewExcel.xlsx</arg>
<arg>A${index}</arg>
<arg>${element.text}</arg>
<status status="PASS" starttime="20230103 22:01:26.059" endtime="20230103 22:01:26.099"/>
</kw>
<kw name="Set Variable" library="BuiltIn">
<var>${index}</var>
<arg>${${index} + ${1}}</arg>
<doc>Returns the given values which can then be assigned to a variables.</doc>
<msg timestamp="20230103 22:01:26.101" level="INFO">${index} = 9</msg>
<status status="PASS" starttime="20230103 22:01:26.099" endtime="20230103 22:01:26.101"/>
</kw>
<kw name="Log" library="BuiltIn">
<arg>${index}</arg>
<doc>Logs the given message with the given level.</doc>
<msg timestamp="20230103 22:01:26.102" level="INFO">9</msg>
<status status="PASS" starttime="20230103 22:01:26.102" endtime="20230103 22:01:26.102"/>
</kw>
<status status="PASS" starttime="20230103 22:01:26.028" endtime="20230103 22:01:26.102"/>
</iter>
<iter>
<var name="${element}">&lt;selenium.webdriver.remote.webelement.WebElement (session="3b09fbcf003842a8e5ae187f0fe64cce", element="40173ef8-2505-44c9-b3e9-2ae90516f21e")&gt;</var>
<kw name="Log" library="BuiltIn">
<arg>${element.text}</arg>
<doc>Logs the given message with the given level.</doc>
<msg timestamp="20230103 22:01:26.156" level="INFO">Promo Sepeda Anak 3 Roda 2 in 1/Anak Balance Bike Ride Roda Tiga
Rp185.000
Cashback
Jakarta Pusat
Semangat Dong Shop
4.8
Terjual 5 rb+</msg>
<status status="PASS" starttime="20230103 22:01:26.103" endtime="20230103 22:01:26.156"/>
</kw>
<kw name="Add Value" library="make_excel">
<arg>NewExcel.xlsx</arg>
<arg>A${index}</arg>
<arg>${element.text}</arg>
<status status="PASS" starttime="20230103 22:01:26.157" endtime="20230103 22:01:26.306"/>
</kw>
<kw name="Set Variable" library="BuiltIn">
<var>${index}</var>
<arg>${${index} + ${1}}</arg>
<doc>Returns the given values which can then be assigned to a variables.</doc>
<msg timestamp="20230103 22:01:26.308" level="INFO">${index} = 10</msg>
<status status="PASS" starttime="20230103 22:01:26.307" endtime="20230103 22:01:26.309"/>
</kw>
<kw name="Log" library="BuiltIn">
<arg>${index}</arg>
<doc>Logs the given message with the given level.</doc>
<msg timestamp="20230103 22:01:26.309" level="INFO">10</msg>
<status status="PASS" starttime="20230103 22:01:26.309" endtime="20230103 22:01:26.309"/>
</kw>
<status status="PASS" starttime="20230103 22:01:26.102" endtime="20230103 22:01:26.309"/>
</iter>
<iter>
<var name="${element}">&lt;selenium.webdriver.remote.webelement.WebElement (session="3b09fbcf003842a8e5ae187f0fe64cce", element="ecc82029-b687-451b-a410-c65ea3c7731a")&gt;</var>
<kw name="Log" library="BuiltIn">
<arg>${element.text}</arg>
<doc>Logs the given message with the given level.</doc>
<msg timestamp="20230103 22:01:26.335" level="INFO">MI-M261 Sepeda Keseimbangan Anak Tanpa Pedal / Sepeda Push Bike
Rp179.000
66%
Rp520.000
Kab. Tangerang
Mmtoys Indonesia
4.8
Terjual 100+</msg>
<status status="PASS" starttime="20230103 22:01:26.310" endtime="20230103 22:01:26.335"/>
</kw>
<kw name="Add Value" library="make_excel">
<arg>NewExcel.xlsx</arg>
<arg>A${index}</arg>
<arg>${element.text}</arg>
<status status="PASS" starttime="20230103 22:01:26.335" endtime="20230103 22:01:26.365"/>
</kw>
<kw name="Set Variable" library="BuiltIn">
<var>${index}</var>
<arg>${${index} + ${1}}</arg>
<doc>Returns the given values which can then be assigned to a variables.</doc>
<msg timestamp="20230103 22:01:26.367" level="INFO">${index} = 11</msg>
<status status="PASS" starttime="20230103 22:01:26.365" endtime="20230103 22:01:26.367"/>
</kw>
<kw name="Log" library="BuiltIn">
<arg>${index}</arg>
<doc>Logs the given message with the given level.</doc>
<msg timestamp="20230103 22:01:26.367" level="INFO">11</msg>
<status status="PASS" starttime="20230103 22:01:26.367" endtime="20230103 22:01:26.367"/>
</kw>
<status status="PASS" starttime="20230103 22:01:26.309" endtime="20230103 22:01:26.367"/>
</iter>
<iter>
<var name="${element}">&lt;selenium.webdriver.remote.webelement.WebElement (session="3b09fbcf003842a8e5ae187f0fe64cce", element="a249cced-5804-4c21-a54f-150f2a6bf958")&gt;</var>
<kw name="Log" library="BuiltIn">
<arg>${element.text}</arg>
<doc>Logs the given message with the given level.</doc>
<msg timestamp="20230103 22:01:26.398" level="INFO">Balance bike / Push bike / Sepeda Anak Sepeda tanpa pedal
Rp175.111
17%
Rp210.000
Jakarta Timur
NIZAMTOKO
4.8
Terjual 1 rb+</msg>
<status status="PASS" starttime="20230103 22:01:26.368" endtime="20230103 22:01:26.398"/>
</kw>
<kw name="Add Value" library="make_excel">
<arg>NewExcel.xlsx</arg>
<arg>A${index}</arg>
<arg>${element.text}</arg>
<status status="PASS" starttime="20230103 22:01:26.398" endtime="20230103 22:01:26.428"/>
</kw>
<kw name="Set Variable" library="BuiltIn">
<var>${index}</var>
<arg>${${index} + ${1}}</arg>
<doc>Returns the given values which can then be assigned to a variables.</doc>
<msg timestamp="20230103 22:01:26.430" level="INFO">${index} = 12</msg>
<status status="PASS" starttime="20230103 22:01:26.428" endtime="20230103 22:01:26.430"/>
</kw>
<kw name="Log" library="BuiltIn">
<arg>${index}</arg>
<doc>Logs the given message with the given level.</doc>
<msg timestamp="20230103 22:01:26.431" level="INFO">12</msg>
<status status="PASS" starttime="20230103 22:01:26.430" endtime="20230103 22:01:26.431"/>
</kw>
<status status="PASS" starttime="20230103 22:01:26.368" endtime="20230103 22:01:26.431"/>
</iter>
<iter>
<var name="${element}">&lt;selenium.webdriver.remote.webelement.WebElement (session="3b09fbcf003842a8e5ae187f0fe64cce", element="b9b0e419-c310-4f43-869b-deb2224d1e57")&gt;</var>
<kw name="Log" library="BuiltIn">
<arg>${element.text}</arg>
<doc>Logs the given message with the given level.</doc>
<msg timestamp="20230103 22:01:26.462" level="INFO">sepeda mini ban eva untuk anak perempuan merek Erminio ukuran 12 "
Rp377.500
Jakarta Barat
Pusat_Sepeda
4.9
Terjual 1 rb+</msg>
<status status="PASS" starttime="20230103 22:01:26.432" endtime="20230103 22:01:26.462"/>
</kw>
<kw name="Add Value" library="make_excel">
<arg>NewExcel.xlsx</arg>
<arg>A${index}</arg>
<arg>${element.text}</arg>
<status status="PASS" starttime="20230103 22:01:26.463" endtime="20230103 22:01:26.496"/>
</kw>
<kw name="Set Variable" library="BuiltIn">
<var>${index}</var>
<arg>${${index} + ${1}}</arg>
<doc>Returns the given values which can then be assigned to a variables.</doc>
<msg timestamp="20230103 22:01:26.498" level="INFO">${index} = 13</msg>
<status status="PASS" starttime="20230103 22:01:26.496" endtime="20230103 22:01:26.498"/>
</kw>
<kw name="Log" library="BuiltIn">
<arg>${index}</arg>
<doc>Logs the given message with the given level.</doc>
<msg timestamp="20230103 22:01:26.498" level="INFO">13</msg>
<status status="PASS" starttime="20230103 22:01:26.498" endtime="20230103 22:01:26.498"/>
</kw>
<status status="PASS" starttime="20230103 22:01:26.431" endtime="20230103 22:01:26.498"/>
</iter>
<iter>
<var name="${element}">&lt;selenium.webdriver.remote.webelement.WebElement (session="3b09fbcf003842a8e5ae187f0fe64cce", element="7ad56995-3519-465b-8629-ba6c6b7cd6d9")&gt;</var>
<kw name="Log" library="BuiltIn">
<arg>${element.text}</arg>
<doc>Logs the given message with the given level.</doc>
<msg timestamp="20230103 22:01:26.530" level="INFO">Sportacular
Sepeda Lipat | Sepeda Police Milan
Rp1.575.000
25%
Rp2.100.000
Bekasi
Serba Sepeda
5.0
Terjual 100+</msg>
<status status="PASS" starttime="20230103 22:01:26.499" endtime="20230103 22:01:26.530"/>
</kw>
<kw name="Add Value" library="make_excel">
<arg>NewExcel.xlsx</arg>
<arg>A${index}</arg>
<arg>${element.text}</arg>
<status status="PASS" starttime="20230103 22:01:26.530" endtime="20230103 22:01:26.572"/>
</kw>
<kw name="Set Variable" library="BuiltIn">
<var>${index}</var>
<arg>${${index} + ${1}}</arg>
<doc>Returns the given values which can then be assigned to a variables.</doc>
<msg timestamp="20230103 22:01:26.575" level="INFO">${index} = 14</msg>
<status status="PASS" starttime="20230103 22:01:26.572" endtime="20230103 22:01:26.575"/>
</kw>
<kw name="Log" library="BuiltIn">
<arg>${index}</arg>
<doc>Logs the given message with the given level.</doc>
<msg timestamp="20230103 22:01:26.575" level="INFO">14</msg>
<status status="PASS" starttime="20230103 22:01:26.575" endtime="20230103 22:01:26.575"/>
</kw>
<status status="PASS" starttime="20230103 22:01:26.499" endtime="20230103 22:01:26.575"/>
</iter>
<status status="PASS" starttime="20230103 22:01:25.553" endtime="20230103 22:01:26.575"/>
</for>
<kw name="Stop Recording Test" library="AutoRecorder">
<arg>Example Test</arg>
<doc>There is no need to execute this keyword manually.</doc>
<msg timestamp="20230103 22:01:26.600" level="INFO" html="true">&lt;a href="recording_2.webm"&gt;&lt;video width="800px" autoplay&gt;&lt;source src="recording_2.webm" type="video/webm"&gt;&lt;/video&gt;&lt;/a&gt;</msg>
<status status="PASS" starttime="20230103 22:01:26.576" endtime="20230103 22:01:26.601"/>
</kw>
<status status="PASS" starttime="20230103 22:01:16.951" endtime="20230103 22:01:26.576"/>
</test>
<status status="PASS" starttime="20230103 22:01:16.468" endtime="20230103 22:01:26.602"/>
</suite>
<statistics>
<total>
<stat pass="1" fail="0" skip="0">All Tests</stat>
</total>
<tag>
</tag>
<suite>
<stat pass="1" fail="0" skip="0" id="s1" name="Index">Index</stat>
</suite>
</statistics>
<errors>
</errors>
</robot>
