<?xml version="1.0" encoding="UTF-8"?>
<robot generator="Robot 6.0.1 (Python 3.8.10 on linux)" generated="20230104 14:23:38.237" rpa="false" schemaversion="3">
<suite id="s1" name="Index" source="/home/agung-kuliah/Documents/robot-framework/get-product/index.robot">
<test id="s1-t1" name="Example Test" line="12">
<kw name="Open Browser" library="SeleniumLibrary">
<arg>browser=${browser}</arg>
<arg>url=${URL}</arg>
<doc>Opens a new browser instance to the optional ``url``.</doc>
<msg timestamp="20230104 14:23:40.929" level="INFO">Opening browser 'Chrome' to base url 'https://www.tokopedia.com/'.</msg>
<status status="PASS" starttime="20230104 14:23:40.927" endtime="20230104 14:23:45.021"/>
</kw>
<kw name="Maximize Browser Window" library="SeleniumLibrary">
<doc>Maximizes current browser window.</doc>
<status status="PASS" starttime="20230104 14:23:45.022" endtime="20230104 14:23:45.169"/>
</kw>
<kw name="Input Text" library="SeleniumLibrary">
<arg>css=input[aria-label="Cari di Tokopedia"]</arg>
<arg>Sepeda</arg>
<doc>Types the given ``text`` into the text field identified by ``locator``.</doc>
<msg timestamp="20230104 14:23:45.173" level="INFO">Typing text 'Sepeda' into text field 'css=input[aria-label="Cari di Tokopedia"]'.</msg>
<status status="PASS" starttime="20230104 14:23:45.170" endtime="20230104 14:23:45.811"/>
</kw>
<kw name="Click Button" library="SeleniumLibrary">
<arg>css=button[aria-label="Kirimkan"]</arg>
<doc>Clicks the button identified by ``locator``.</doc>
<msg timestamp="20230104 14:23:45.813" level="INFO">Clicking button 'css=button[aria-label="Kirimkan"]'.</msg>
<status status="PASS" starttime="20230104 14:23:45.812" endtime="20230104 14:23:46.541"/>
</kw>
<kw name="Sleep" library="BuiltIn">
<arg>5s</arg>
<doc>Pauses the test executed for the given time.</doc>
<msg timestamp="20230104 14:23:51.548" level="INFO">Slept 5 seconds</msg>
<status status="PASS" starttime="20230104 14:23:46.544" endtime="20230104 14:23:51.548"/>
</kw>
<kw name="Wait Until Element Is Visible" library="SeleniumLibrary">
<arg>data:testid:result-header-wrapper</arg>
<arg>30 seconds</arg>
<doc>Waits until the element ``locator`` is visible.</doc>
<status status="PASS" starttime="20230104 14:23:51.555" endtime="20230104 14:23:51.600"/>
</kw>
<kw name="Get WebElements" library="SeleniumLibrary">
<var>${elements}</var>
<arg>css=div[data-testid="master-product-card"] a.pcv3__info-content</arg>
<doc>Returns a list of WebElement objects matching the ``locator``.</doc>
<msg timestamp="20230104 14:23:51.625" level="INFO">${elements} = [&lt;selenium.webdriver.remote.webelement.WebElement (session="83152d24ff55e1bd6e7ed559d5ae36a8", element="1022cf3a-994a-49b0-9f70-a43417a16122")&gt;, &lt;selenium.webdriver.remote.webelement.WebElement (sessi...</msg>
<status status="PASS" starttime="20230104 14:23:51.601" endtime="20230104 14:23:51.625"/>
</kw>
<kw name="Sleep" library="BuiltIn">
<arg>5s</arg>
<doc>Pauses the test executed for the given time.</doc>
<msg timestamp="20230104 14:23:56.627" level="INFO">Slept 5 seconds</msg>
<status status="PASS" starttime="20230104 14:23:51.625" endtime="20230104 14:23:56.627"/>
</kw>
<kw name="Make Excel File" library="make_excel">
<arg>NewExcel.xlsx</arg>
<status status="PASS" starttime="20230104 14:23:56.629" endtime="20230104 14:23:56.659"/>
</kw>
<kw name="Set Variable" library="BuiltIn">
<var>${index}</var>
<arg>${1}</arg>
<doc>Returns the given values which can then be assigned to a variables.</doc>
<msg timestamp="20230104 14:23:56.661" level="INFO">${index} = 1</msg>
<status status="PASS" starttime="20230104 14:23:56.659" endtime="20230104 14:23:56.661"/>
</kw>
<for flavor="IN">
<var>${element}</var>
<value>@{elements}</value>
<iter>
<var name="${element}">&lt;selenium.webdriver.remote.webelement.WebElement (session="83152d24ff55e1bd6e7ed559d5ae36a8", element="1022cf3a-994a-49b0-9f70-a43417a16122")&gt;</var>
<kw name="Log" library="BuiltIn">
<arg>${element.text}</arg>
<doc>Logs the given message with the given level.</doc>
<msg timestamp="20230104 14:23:56.700" level="INFO">Sepeda Lipat BNB Nich Pro 9.1 - YELLOW
Rp 2.980.000
4.7
Terjual 100+</msg>
<status status="PASS" starttime="20230104 14:23:56.662" endtime="20230104 14:23:56.700"/>
</kw>
<kw name="Add Value" library="make_excel">
<arg>NewExcel.xlsx</arg>
<arg>A${index}</arg>
<arg>${element.text}</arg>
<status status="PASS" starttime="20230104 14:23:56.700" endtime="20230104 14:23:56.757"/>
</kw>
<kw name="Set Variable" library="BuiltIn">
<var>${index}</var>
<arg>${${index} + ${1}}</arg>
<doc>Returns the given values which can then be assigned to a variables.</doc>
<msg timestamp="20230104 14:23:56.761" level="INFO">${index} = 2</msg>
<status status="PASS" starttime="20230104 14:23:56.758" endtime="20230104 14:23:56.761"/>
</kw>
<kw name="Log" library="BuiltIn">
<arg>${index}</arg>
<doc>Logs the given message with the given level.</doc>
<msg timestamp="20230104 14:23:56.761" level="INFO">2</msg>
<status status="PASS" starttime="20230104 14:23:56.761" endtime="20230104 14:23:56.761"/>
</kw>
<status status="PASS" starttime="20230104 14:23:56.662" endtime="20230104 14:23:56.761"/>
</iter>
<iter>
<var name="${element}">&lt;selenium.webdriver.remote.webelement.WebElement (session="83152d24ff55e1bd6e7ed559d5ae36a8", element="8275510d-1aeb-4ccc-8720-a338183b1ae0")&gt;</var>
<kw name="Log" library="BuiltIn">
<arg>${element.text}</arg>
<doc>Logs the given message with the given level.</doc>
<msg timestamp="20230104 14:23:56.795" level="INFO">Sepeda BNB 16 Folding SUMMER - Silver
Rp 4.600.000
4.8
Terjual 16</msg>
<status status="PASS" starttime="20230104 14:23:56.762" endtime="20230104 14:23:56.795"/>
</kw>
<kw name="Add Value" library="make_excel">
<arg>NewExcel.xlsx</arg>
<arg>A${index}</arg>
<arg>${element.text}</arg>
<status status="PASS" starttime="20230104 14:23:56.795" endtime="20230104 14:23:56.846"/>
</kw>
<kw name="Set Variable" library="BuiltIn">
<var>${index}</var>
<arg>${${index} + ${1}}</arg>
<doc>Returns the given values which can then be assigned to a variables.</doc>
<msg timestamp="20230104 14:23:56.849" level="INFO">${index} = 3</msg>
<status status="PASS" starttime="20230104 14:23:56.846" endtime="20230104 14:23:56.849"/>
</kw>
<kw name="Log" library="BuiltIn">
<arg>${index}</arg>
<doc>Logs the given message with the given level.</doc>
<msg timestamp="20230104 14:23:56.850" level="INFO">3</msg>
<status status="PASS" starttime="20230104 14:23:56.849" endtime="20230104 14:23:56.850"/>
</kw>
<status status="PASS" starttime="20230104 14:23:56.762" endtime="20230104 14:23:56.850"/>
</iter>
<iter>
<var name="${element}">&lt;selenium.webdriver.remote.webelement.WebElement (session="83152d24ff55e1bd6e7ed559d5ae36a8", element="9a2c21f8-0578-4bdb-9add-6003e0cc555f")&gt;</var>
<kw name="Log" library="BuiltIn">
<arg>${element.text}</arg>
<doc>Logs the given message with the given level.</doc>
<msg timestamp="20230104 14:23:56.892" level="INFO">Lampu Depan Sepeda 3 LED, bisa berkedip
Rp26.910
10%
Rp29.900
Jakarta Pusat
SvkaBike
4.8
Terjual 100+</msg>
<status status="PASS" starttime="20230104 14:23:56.850" endtime="20230104 14:23:56.892"/>
</kw>
<kw name="Add Value" library="make_excel">
<arg>NewExcel.xlsx</arg>
<arg>A${index}</arg>
<arg>${element.text}</arg>
<status status="PASS" starttime="20230104 14:23:56.892" endtime="20230104 14:23:56.939"/>
</kw>
<kw name="Set Variable" library="BuiltIn">
<var>${index}</var>
<arg>${${index} + ${1}}</arg>
<doc>Returns the given values which can then be assigned to a variables.</doc>
<msg timestamp="20230104 14:23:56.942" level="INFO">${index} = 4</msg>
<status status="PASS" starttime="20230104 14:23:56.940" endtime="20230104 14:23:56.942"/>
</kw>
<kw name="Log" library="BuiltIn">
<arg>${index}</arg>
<doc>Logs the given message with the given level.</doc>
<msg timestamp="20230104 14:23:56.942" level="INFO">4</msg>
<status status="PASS" starttime="20230104 14:23:56.942" endtime="20230104 14:23:56.943"/>
</kw>
<status status="PASS" starttime="20230104 14:23:56.850" endtime="20230104 14:23:56.943"/>
</iter>
<iter>
<var name="${element}">&lt;selenium.webdriver.remote.webelement.WebElement (session="83152d24ff55e1bd6e7ed559d5ae36a8", element="d7c4c5f5-6615-4fbb-8431-7cf294c1bf93")&gt;</var>
<kw name="Log" library="BuiltIn">
<arg>${element.text}</arg>
<doc>Logs the given message with the given level.</doc>
<msg timestamp="20230104 14:23:56.980" level="INFO">BTWIN CL 100 Lampu Sepeda LED USB Rear Bike Light
Rp180.000
Tangerang
Byron Official
4.5
Terjual 2</msg>
<status status="PASS" starttime="20230104 14:23:56.943" endtime="20230104 14:23:56.980"/>
</kw>
<kw name="Add Value" library="make_excel">
<arg>NewExcel.xlsx</arg>
<arg>A${index}</arg>
<arg>${element.text}</arg>
<status status="PASS" starttime="20230104 14:23:56.981" endtime="20230104 14:23:57.029"/>
</kw>
<kw name="Set Variable" library="BuiltIn">
<var>${index}</var>
<arg>${${index} + ${1}}</arg>
<doc>Returns the given values which can then be assigned to a variables.</doc>
<msg timestamp="20230104 14:23:57.033" level="INFO">${index} = 5</msg>
<status status="PASS" starttime="20230104 14:23:57.030" endtime="20230104 14:23:57.033"/>
</kw>
<kw name="Log" library="BuiltIn">
<arg>${index}</arg>
<doc>Logs the given message with the given level.</doc>
<msg timestamp="20230104 14:23:57.033" level="INFO">5</msg>
<status status="PASS" starttime="20230104 14:23:57.033" endtime="20230104 14:23:57.033"/>
</kw>
<status status="PASS" starttime="20230104 14:23:56.943" endtime="20230104 14:23:57.033"/>
</iter>
<iter>
<var name="${element}">&lt;selenium.webdriver.remote.webelement.WebElement (session="83152d24ff55e1bd6e7ed559d5ae36a8", element="90b773fc-ff14-430f-b858-768686387759")&gt;</var>
<kw name="Log" library="BuiltIn">
<arg>${element.text}</arg>
<doc>Logs the given message with the given level.</doc>
<msg timestamp="20230104 14:23:57.074" level="INFO">Sepeda Anak Mini Atlantis Nabila 12 Inch Dorongan Sepeda Mini Atlantis
Rp375.000
Kab. Bekasi
Raja Murah Bike
4.8
Terjual 25</msg>
<status status="PASS" starttime="20230104 14:23:57.034" endtime="20230104 14:23:57.074"/>
</kw>
<kw name="Add Value" library="make_excel">
<arg>NewExcel.xlsx</arg>
<arg>A${index}</arg>
<arg>${element.text}</arg>
<status status="PASS" starttime="20230104 14:23:57.074" endtime="20230104 14:23:57.133"/>
</kw>
<kw name="Set Variable" library="BuiltIn">
<var>${index}</var>
<arg>${${index} + ${1}}</arg>
<doc>Returns the given values which can then be assigned to a variables.</doc>
<msg timestamp="20230104 14:23:57.135" level="INFO">${index} = 6</msg>
<status status="PASS" starttime="20230104 14:23:57.133" endtime="20230104 14:23:57.135"/>
</kw>
<kw name="Log" library="BuiltIn">
<arg>${index}</arg>
<doc>Logs the given message with the given level.</doc>
<msg timestamp="20230104 14:23:57.136" level="INFO">6</msg>
<status status="PASS" starttime="20230104 14:23:57.136" endtime="20230104 14:23:57.136"/>
</kw>
<status status="PASS" starttime="20230104 14:23:57.034" endtime="20230104 14:23:57.136"/>
</iter>
<iter>
<var name="${element}">&lt;selenium.webdriver.remote.webelement.WebElement (session="83152d24ff55e1bd6e7ed559d5ae36a8", element="d873867a-0b7f-4bac-970a-816d11820d33")&gt;</var>
<kw name="Log" library="BuiltIn">
<arg>${element.text}</arg>
<doc>Logs the given message with the given level.</doc>
<msg timestamp="20230104 14:23:57.177" level="INFO">[READY] Sepeda Dewasa Retro Classic dengan 7 Pengaturan Kecepatan
Rp3.499.000
Jakarta Barat
CL CYCLE
Terjual 2</msg>
<status status="PASS" starttime="20230104 14:23:57.137" endtime="20230104 14:23:57.178"/>
</kw>
<kw name="Add Value" library="make_excel">
<arg>NewExcel.xlsx</arg>
<arg>A${index}</arg>
<arg>${element.text}</arg>
<status status="PASS" starttime="20230104 14:23:57.178" endtime="20230104 14:23:57.249"/>
</kw>
<kw name="Set Variable" library="BuiltIn">
<var>${index}</var>
<arg>${${index} + ${1}}</arg>
<doc>Returns the given values which can then be assigned to a variables.</doc>
<msg timestamp="20230104 14:23:57.252" level="INFO">${index} = 7</msg>
<status status="PASS" starttime="20230104 14:23:57.249" endtime="20230104 14:23:57.252"/>
</kw>
<kw name="Log" library="BuiltIn">
<arg>${index}</arg>
<doc>Logs the given message with the given level.</doc>
<msg timestamp="20230104 14:23:57.253" level="INFO">7</msg>
<status status="PASS" starttime="20230104 14:23:57.253" endtime="20230104 14:23:57.253"/>
</kw>
<status status="PASS" starttime="20230104 14:23:57.136" endtime="20230104 14:23:57.253"/>
</iter>
<iter>
<var name="${element}">&lt;selenium.webdriver.remote.webelement.WebElement (session="83152d24ff55e1bd6e7ed559d5ae36a8", element="a53da1d7-8ae2-4444-9305-63b8e5c8a1cc")&gt;</var>
<kw name="Log" library="BuiltIn">
<arg>${element.text}</arg>
<doc>Logs the given message with the given level.</doc>
<msg timestamp="20230104 14:23:57.325" level="INFO">BEBEHOO 5 in 1 Multifunctional 5in1 Kids Scooter Sepeda Skuter Anak
Rp685.000
Cashback
Jakarta Barat
Blitzice Store
4.9
Terjual 90+</msg>
<status status="PASS" starttime="20230104 14:23:57.254" endtime="20230104 14:23:57.326"/>
</kw>
<kw name="Add Value" library="make_excel">
<arg>NewExcel.xlsx</arg>
<arg>A${index}</arg>
<arg>${element.text}</arg>
<status status="PASS" starttime="20230104 14:23:57.326" endtime="20230104 14:23:57.423"/>
</kw>
<kw name="Set Variable" library="BuiltIn">
<var>${index}</var>
<arg>${${index} + ${1}}</arg>
<doc>Returns the given values which can then be assigned to a variables.</doc>
<msg timestamp="20230104 14:23:57.435" level="INFO">${index} = 8</msg>
<status status="PASS" starttime="20230104 14:23:57.424" endtime="20230104 14:23:57.435"/>
</kw>
<kw name="Log" library="BuiltIn">
<arg>${index}</arg>
<doc>Logs the given message with the given level.</doc>
<msg timestamp="20230104 14:23:57.436" level="INFO">8</msg>
<status status="PASS" starttime="20230104 14:23:57.435" endtime="20230104 14:23:57.436"/>
</kw>
<status status="PASS" starttime="20230104 14:23:57.254" endtime="20230104 14:23:57.436"/>
</iter>
<iter>
<var name="${element}">&lt;selenium.webdriver.remote.webelement.WebElement (session="83152d24ff55e1bd6e7ed559d5ae36a8", element="fde1b50f-e023-40f4-bf05-6fba268cf058")&gt;</var>
<kw name="Log" library="BuiltIn">
<arg>${element.text}</arg>
<doc>Logs the given message with the given level.</doc>
<msg timestamp="20230104 14:23:57.499" level="INFO">Promo Sepeda Anak 3 Roda 2 in 1/Anak Balance Bike Ride Roda Tiga
Rp185.000
Cashback
Jakarta Pusat
Semangat Dong Shop
4.8
Terjual 5 rb+</msg>
<status status="PASS" starttime="20230104 14:23:57.436" endtime="20230104 14:23:57.499"/>
</kw>
<kw name="Add Value" library="make_excel">
<arg>NewExcel.xlsx</arg>
<arg>A${index}</arg>
<arg>${element.text}</arg>
<status status="PASS" starttime="20230104 14:23:57.500" endtime="20230104 14:23:57.608"/>
</kw>
<kw name="Set Variable" library="BuiltIn">
<var>${index}</var>
<arg>${${index} + ${1}}</arg>
<doc>Returns the given values which can then be assigned to a variables.</doc>
<msg timestamp="20230104 14:23:57.612" level="INFO">${index} = 9</msg>
<status status="PASS" starttime="20230104 14:23:57.609" endtime="20230104 14:23:57.612"/>
</kw>
<kw name="Log" library="BuiltIn">
<arg>${index}</arg>
<doc>Logs the given message with the given level.</doc>
<msg timestamp="20230104 14:23:57.613" level="INFO">9</msg>
<status status="PASS" starttime="20230104 14:23:57.612" endtime="20230104 14:23:57.613"/>
</kw>
<status status="PASS" starttime="20230104 14:23:57.436" endtime="20230104 14:23:57.613"/>
</iter>
<iter>
<var name="${element}">&lt;selenium.webdriver.remote.webelement.WebElement (session="83152d24ff55e1bd6e7ed559d5ae36a8", element="efdf2589-9961-43ac-9e3d-9c8a2e5a8df2")&gt;</var>
<kw name="Log" library="BuiltIn">
<arg>${element.text}</arg>
<doc>Logs the given message with the given level.</doc>
<msg timestamp="20230104 14:23:57.640" level="INFO">Mainan Sepeda Anak 3 Roda 2in1 Sepeda Keseimbangan Anak Balance Bike
Rp189.999
Kab. Tangerang
suksesteruuss
4.9
Terjual 250+</msg>
<status status="PASS" starttime="20230104 14:23:57.613" endtime="20230104 14:23:57.640"/>
</kw>
<kw name="Add Value" library="make_excel">
<arg>NewExcel.xlsx</arg>
<arg>A${index}</arg>
<arg>${element.text}</arg>
<status status="PASS" starttime="20230104 14:23:57.640" endtime="20230104 14:23:57.684"/>
</kw>
<kw name="Set Variable" library="BuiltIn">
<var>${index}</var>
<arg>${${index} + ${1}}</arg>
<doc>Returns the given values which can then be assigned to a variables.</doc>
<msg timestamp="20230104 14:23:57.688" level="INFO">${index} = 10</msg>
<status status="PASS" starttime="20230104 14:23:57.685" endtime="20230104 14:23:57.689"/>
</kw>
<kw name="Log" library="BuiltIn">
<arg>${index}</arg>
<doc>Logs the given message with the given level.</doc>
<msg timestamp="20230104 14:23:57.689" level="INFO">10</msg>
<status status="PASS" starttime="20230104 14:23:57.689" endtime="20230104 14:23:57.690"/>
</kw>
<status status="PASS" starttime="20230104 14:23:57.613" endtime="20230104 14:23:57.690"/>
</iter>
<iter>
<var name="${element}">&lt;selenium.webdriver.remote.webelement.WebElement (session="83152d24ff55e1bd6e7ed559d5ae36a8", element="22f83f89-8ee5-4028-bfdf-f4b9a9966e8b")&gt;</var>
<kw name="Log" library="BuiltIn">
<arg>${element.text}</arg>
<doc>Logs the given message with the given level.</doc>
<msg timestamp="20230104 14:23:57.727" level="INFO">sepeda mini ban eva untuk anak perempuan merek Erminio ukuran 12 "
Rp377.500
Jakarta Barat
Pusat_Sepeda
4.9
Terjual 1 rb+</msg>
<status status="PASS" starttime="20230104 14:23:57.690" endtime="20230104 14:23:57.727"/>
</kw>
<kw name="Add Value" library="make_excel">
<arg>NewExcel.xlsx</arg>
<arg>A${index}</arg>
<arg>${element.text}</arg>
<status status="PASS" starttime="20230104 14:23:57.727" endtime="20230104 14:23:57.783"/>
</kw>
<kw name="Set Variable" library="BuiltIn">
<var>${index}</var>
<arg>${${index} + ${1}}</arg>
<doc>Returns the given values which can then be assigned to a variables.</doc>
<msg timestamp="20230104 14:23:57.785" level="INFO">${index} = 11</msg>
<status status="PASS" starttime="20230104 14:23:57.784" endtime="20230104 14:23:57.785"/>
</kw>
<kw name="Log" library="BuiltIn">
<arg>${index}</arg>
<doc>Logs the given message with the given level.</doc>
<msg timestamp="20230104 14:23:57.786" level="INFO">11</msg>
<status status="PASS" starttime="20230104 14:23:57.786" endtime="20230104 14:23:57.786"/>
</kw>
<status status="PASS" starttime="20230104 14:23:57.690" endtime="20230104 14:23:57.786"/>
</iter>
<iter>
<var name="${element}">&lt;selenium.webdriver.remote.webelement.WebElement (session="83152d24ff55e1bd6e7ed559d5ae36a8", element="0c29eb11-5fe2-46db-8324-90a2f089909c")&gt;</var>
<kw name="Log" library="BuiltIn">
<arg>${element.text}</arg>
<doc>Logs the given message with the given level.</doc>
<msg timestamp="20230104 14:23:57.817" level="INFO">Sportacular
Sepeda Lipat | Sepeda Police Milan
Rp1.575.000
25%
Rp2.100.000
Bekasi
Serba Sepeda
5.0
Terjual 100+</msg>
<status status="PASS" starttime="20230104 14:23:57.786" endtime="20230104 14:23:57.817"/>
</kw>
<kw name="Add Value" library="make_excel">
<arg>NewExcel.xlsx</arg>
<arg>A${index}</arg>
<arg>${element.text}</arg>
<status status="PASS" starttime="20230104 14:23:57.817" endtime="20230104 14:23:57.868"/>
</kw>
<kw name="Set Variable" library="BuiltIn">
<var>${index}</var>
<arg>${${index} + ${1}}</arg>
<doc>Returns the given values which can then be assigned to a variables.</doc>
<msg timestamp="20230104 14:23:57.870" level="INFO">${index} = 12</msg>
<status status="PASS" starttime="20230104 14:23:57.869" endtime="20230104 14:23:57.870"/>
</kw>
<kw name="Log" library="BuiltIn">
<arg>${index}</arg>
<doc>Logs the given message with the given level.</doc>
<msg timestamp="20230104 14:23:57.871" level="INFO">12</msg>
<status status="PASS" starttime="20230104 14:23:57.870" endtime="20230104 14:23:57.871"/>
</kw>
<status status="PASS" starttime="20230104 14:23:57.786" endtime="20230104 14:23:57.871"/>
</iter>
<iter>
<var name="${element}">&lt;selenium.webdriver.remote.webelement.WebElement (session="83152d24ff55e1bd6e7ed559d5ae36a8", element="d5d9eb38-a3a6-4b4f-a7a9-3cce8a96d870")&gt;</var>
<kw name="Log" library="BuiltIn">
<arg>${element.text}</arg>
<doc>Logs the given message with the given level.</doc>
<msg timestamp="20230104 14:23:57.905" level="INFO">Sepeda Listrik UWINFLY RF 6 / REDFISH 6 Electric E Bike 500 Watt
Rp4.599.000
Cashback
Tangerang
Sepeda Regency
4.9
Terjual 50+</msg>
<status status="PASS" starttime="20230104 14:23:57.871" endtime="20230104 14:23:57.905"/>
</kw>
<kw name="Add Value" library="make_excel">
<arg>NewExcel.xlsx</arg>
<arg>A${index}</arg>
<arg>${element.text}</arg>
<status status="PASS" starttime="20230104 14:23:57.905" endtime="20230104 14:23:57.958"/>
</kw>
<kw name="Set Variable" library="BuiltIn">
<var>${index}</var>
<arg>${${index} + ${1}}</arg>
<doc>Returns the given values which can then be assigned to a variables.</doc>
<msg timestamp="20230104 14:23:57.961" level="INFO">${index} = 13</msg>
<status status="PASS" starttime="20230104 14:23:57.958" endtime="20230104 14:23:57.962"/>
</kw>
<kw name="Log" library="BuiltIn">
<arg>${index}</arg>
<doc>Logs the given message with the given level.</doc>
<msg timestamp="20230104 14:23:57.962" level="INFO">13</msg>
<status status="PASS" starttime="20230104 14:23:57.962" endtime="20230104 14:23:57.962"/>
</kw>
<status status="PASS" starttime="20230104 14:23:57.871" endtime="20230104 14:23:57.962"/>
</iter>
<status status="PASS" starttime="20230104 14:23:56.661" endtime="20230104 14:23:57.962"/>
</for>
<kw name="Stop Recording Test" library="AutoRecorder">
<arg>Example Test</arg>
<doc>There is no need to execute this keyword manually.</doc>
<msg timestamp="20230104 14:23:57.998" level="INFO" html="true">&lt;a href="recording_3.webm"&gt;&lt;video width="800px" autoplay&gt;&lt;source src="recording_3.webm" type="video/webm"&gt;&lt;/video&gt;&lt;/a&gt;</msg>
<status status="PASS" starttime="20230104 14:23:57.964" endtime="20230104 14:23:57.998"/>
</kw>
<status status="PASS" starttime="20230104 14:23:38.866" endtime="20230104 14:23:57.963"/>
</test>
<status status="PASS" starttime="20230104 14:23:38.238" endtime="20230104 14:23:58.000"/>
</suite>
<statistics>
<total>
<stat pass="1" fail="0" skip="0">All Tests</stat>
</total>
<tag>
</tag>
<suite>
<stat pass="1" fail="0" skip="0" id="s1" name="Index">Index</stat>
</suite>
</statistics>
<errors>
</errors>
</robot>
